0 info it worked if it ends with ok
1 verbose cli [ 'node', '/usr/local/bin/npm', 'install', '-d' ]
2 info using npm@1.4.28
3 info using node@v0.10.32
4 warn package.json ThreeNodes.js@0.2.0 No description
5 warn package.json ThreeNodes.js@0.2.0 No README data
6 verbose readDependencies using package.json deps
7 verbose install where, deps [ '/Users/gautammadaan/git/CMUOnlineWorkflow',
7 verbose install   [ 'socket.io-client',
7 verbose install     'watch',
7 verbose install     'express',
7 verbose install     'jade',
7 verbose install     'coffee-script',
7 verbose install     'stylus',
7 verbose install     'nib',
7 verbose install     'stylus-blueprint',
7 verbose install     'wrench',
7 verbose install     'requirejs',
7 verbose install     'phantom',
7 verbose install     'sty',
7 verbose install     'body-parser',
7 verbose install     'method-override' ] ]
8 info preinstall ThreeNodes.js@0.2.0
9 verbose readDependencies using package.json deps
10 verbose cache add [ 'socket.io-client@>= 0.9.2', null ]
11 verbose cache add name=undefined spec="socket.io-client@>= 0.9.2" args=["socket.io-client@>= 0.9.2",null]
12 verbose parsed url { protocol: null,
12 verbose parsed url   slashes: null,
12 verbose parsed url   auth: null,
12 verbose parsed url   host: null,
12 verbose parsed url   port: null,
12 verbose parsed url   hostname: null,
12 verbose parsed url   hash: null,
12 verbose parsed url   search: null,
12 verbose parsed url   query: null,
12 verbose parsed url   pathname: 'socket.io-client@%3E=%200.9.2',
12 verbose parsed url   path: 'socket.io-client@%3E=%200.9.2',
12 verbose parsed url   href: 'socket.io-client@%3E=%200.9.2' }
13 verbose cache add [ 'watch@>= 0.5.1', null ]
14 verbose cache add name=undefined spec="watch@>= 0.5.1" args=["watch@>= 0.5.1",null]
15 verbose parsed url { protocol: null,
15 verbose parsed url   slashes: null,
15 verbose parsed url   auth: null,
15 verbose parsed url   host: null,
15 verbose parsed url   port: null,
15 verbose parsed url   hostname: null,
15 verbose parsed url   hash: null,
15 verbose parsed url   search: null,
15 verbose parsed url   query: null,
15 verbose parsed url   pathname: 'watch@%3E=%200.5.1',
15 verbose parsed url   path: 'watch@%3E=%200.5.1',
15 verbose parsed url   href: 'watch@%3E=%200.5.1' }
16 verbose cache add [ 'express@>= 2.9', null ]
17 verbose cache add name=undefined spec="express@>= 2.9" args=["express@>= 2.9",null]
18 verbose parsed url { protocol: null,
18 verbose parsed url   slashes: null,
18 verbose parsed url   auth: null,
18 verbose parsed url   host: null,
18 verbose parsed url   port: null,
18 verbose parsed url   hostname: null,
18 verbose parsed url   hash: null,
18 verbose parsed url   search: null,
18 verbose parsed url   query: null,
18 verbose parsed url   pathname: 'express@%3E=%202.9',
18 verbose parsed url   path: 'express@%3E=%202.9',
18 verbose parsed url   href: 'express@%3E=%202.9' }
19 verbose cache add [ 'jade@>= 0.27.2', null ]
20 verbose cache add name=undefined spec="jade@>= 0.27.2" args=["jade@>= 0.27.2",null]
21 verbose parsed url { protocol: null,
21 verbose parsed url   slashes: null,
21 verbose parsed url   auth: null,
21 verbose parsed url   host: null,
21 verbose parsed url   port: null,
21 verbose parsed url   hostname: null,
21 verbose parsed url   hash: null,
21 verbose parsed url   search: null,
21 verbose parsed url   query: null,
21 verbose parsed url   pathname: 'jade@%3E=%200.27.2',
21 verbose parsed url   path: 'jade@%3E=%200.27.2',
21 verbose parsed url   href: 'jade@%3E=%200.27.2' }
22 verbose cache add [ 'coffee-script@>= 1.3.3', null ]
23 verbose cache add name=undefined spec="coffee-script@>= 1.3.3" args=["coffee-script@>= 1.3.3",null]
24 verbose parsed url { protocol: null,
24 verbose parsed url   slashes: null,
24 verbose parsed url   auth: null,
24 verbose parsed url   host: null,
24 verbose parsed url   port: null,
24 verbose parsed url   hostname: null,
24 verbose parsed url   hash: null,
24 verbose parsed url   search: null,
24 verbose parsed url   query: null,
24 verbose parsed url   pathname: 'coffee-script@%3E=%201.3.3',
24 verbose parsed url   path: 'coffee-script@%3E=%201.3.3',
24 verbose parsed url   href: 'coffee-script@%3E=%201.3.3' }
25 verbose cache add name="socket.io-client" spec=">= 0.9.2" args=["socket.io-client",">= 0.9.2"]
26 verbose parsed url { protocol: null,
26 verbose parsed url   slashes: null,
26 verbose parsed url   auth: null,
26 verbose parsed url   host: null,
26 verbose parsed url   port: null,
26 verbose parsed url   hostname: null,
26 verbose parsed url   hash: null,
26 verbose parsed url   search: null,
26 verbose parsed url   query: null,
26 verbose parsed url   pathname: '%3E=%200.9.2',
26 verbose parsed url   path: '%3E=%200.9.2',
26 verbose parsed url   href: '%3E=%200.9.2' }
27 verbose addNamed [ 'socket.io-client', '>= 0.9.2' ]
28 verbose addNamed [ null, '>=0.9.2' ]
29 verbose cache add name="watch" spec=">= 0.5.1" args=["watch",">= 0.5.1"]
30 verbose parsed url { protocol: null,
30 verbose parsed url   slashes: null,
30 verbose parsed url   auth: null,
30 verbose parsed url   host: null,
30 verbose parsed url   port: null,
30 verbose parsed url   hostname: null,
30 verbose parsed url   hash: null,
30 verbose parsed url   search: null,
30 verbose parsed url   query: null,
30 verbose parsed url   pathname: '%3E=%200.5.1',
30 verbose parsed url   path: '%3E=%200.5.1',
30 verbose parsed url   href: '%3E=%200.5.1' }
31 verbose addNamed [ 'watch', '>= 0.5.1' ]
32 verbose addNamed [ null, '>=0.5.1' ]
33 verbose cache add name="express" spec=">= 2.9" args=["express",">= 2.9"]
34 verbose parsed url { protocol: null,
34 verbose parsed url   slashes: null,
34 verbose parsed url   auth: null,
34 verbose parsed url   host: null,
34 verbose parsed url   port: null,
34 verbose parsed url   hostname: null,
34 verbose parsed url   hash: null,
34 verbose parsed url   search: null,
34 verbose parsed url   query: null,
34 verbose parsed url   pathname: '%3E=%202.9',
34 verbose parsed url   path: '%3E=%202.9',
34 verbose parsed url   href: '%3E=%202.9' }
35 verbose addNamed [ 'express', '>= 2.9' ]
36 verbose addNamed [ null, '>=2.9.0-0' ]
37 verbose cache add name="jade" spec=">= 0.27.2" args=["jade",">= 0.27.2"]
38 verbose parsed url { protocol: null,
38 verbose parsed url   slashes: null,
38 verbose parsed url   auth: null,
38 verbose parsed url   host: null,
38 verbose parsed url   port: null,
38 verbose parsed url   hostname: null,
38 verbose parsed url   hash: null,
38 verbose parsed url   search: null,
38 verbose parsed url   query: null,
38 verbose parsed url   pathname: '%3E=%200.27.2',
38 verbose parsed url   path: '%3E=%200.27.2',
38 verbose parsed url   href: '%3E=%200.27.2' }
39 verbose addNamed [ 'jade', '>= 0.27.2' ]
40 verbose addNamed [ null, '>=0.27.2' ]
41 verbose cache add name="coffee-script" spec=">= 1.3.3" args=["coffee-script",">= 1.3.3"]
42 verbose parsed url { protocol: null,
42 verbose parsed url   slashes: null,
42 verbose parsed url   auth: null,
42 verbose parsed url   host: null,
42 verbose parsed url   port: null,
42 verbose parsed url   hostname: null,
42 verbose parsed url   hash: null,
42 verbose parsed url   search: null,
42 verbose parsed url   query: null,
42 verbose parsed url   pathname: '%3E=%201.3.3',
42 verbose parsed url   path: '%3E=%201.3.3',
42 verbose parsed url   href: '%3E=%201.3.3' }
43 verbose addNamed [ 'coffee-script', '>= 1.3.3' ]
44 verbose addNamed [ null, '>=1.3.3' ]
45 verbose cache add [ 'stylus@>= 0.29.0', null ]
46 verbose cache add name=undefined spec="stylus@>= 0.29.0" args=["stylus@>= 0.29.0",null]
47 verbose parsed url { protocol: null,
47 verbose parsed url   slashes: null,
47 verbose parsed url   auth: null,
47 verbose parsed url   host: null,
47 verbose parsed url   port: null,
47 verbose parsed url   hostname: null,
47 verbose parsed url   hash: null,
47 verbose parsed url   search: null,
47 verbose parsed url   query: null,
47 verbose parsed url   pathname: 'stylus@%3E=%200.29.0',
47 verbose parsed url   path: 'stylus@%3E=%200.29.0',
47 verbose parsed url   href: 'stylus@%3E=%200.29.0' }
48 verbose cache add [ 'nib@>= 0.8.2', null ]
49 verbose cache add name=undefined spec="nib@>= 0.8.2" args=["nib@>= 0.8.2",null]
50 verbose parsed url { protocol: null,
50 verbose parsed url   slashes: null,
50 verbose parsed url   auth: null,
50 verbose parsed url   host: null,
50 verbose parsed url   port: null,
50 verbose parsed url   hostname: null,
50 verbose parsed url   hash: null,
50 verbose parsed url   search: null,
50 verbose parsed url   query: null,
50 verbose parsed url   pathname: 'nib@%3E=%200.8.2',
50 verbose parsed url   path: 'nib@%3E=%200.8.2',
50 verbose parsed url   href: 'nib@%3E=%200.8.2' }
51 verbose cache add [ 'stylus-blueprint@>= 0.2.0', null ]
52 verbose cache add name=undefined spec="stylus-blueprint@>= 0.2.0" args=["stylus-blueprint@>= 0.2.0",null]
53 verbose parsed url { protocol: null,
53 verbose parsed url   slashes: null,
53 verbose parsed url   auth: null,
53 verbose parsed url   host: null,
53 verbose parsed url   port: null,
53 verbose parsed url   hostname: null,
53 verbose parsed url   hash: null,
53 verbose parsed url   search: null,
53 verbose parsed url   query: null,
53 verbose parsed url   pathname: 'stylus-blueprint@%3E=%200.2.0',
53 verbose parsed url   path: 'stylus-blueprint@%3E=%200.2.0',
53 verbose parsed url   href: 'stylus-blueprint@%3E=%200.2.0' }
54 silly lockFile 09f57898-socket-io-client-0-9-2 socket.io-client@>= 0.9.2
55 verbose lock socket.io-client@>= 0.9.2 /Users/gautammadaan/.npm/09f57898-socket-io-client-0-9-2.lock
56 silly lockFile 70e28e25-watch-0-5-1 watch@>= 0.5.1
57 verbose lock watch@>= 0.5.1 /Users/gautammadaan/.npm/70e28e25-watch-0-5-1.lock
58 silly lockFile 071e60ac-express-2-9 express@>= 2.9
59 verbose lock express@>= 2.9 /Users/gautammadaan/.npm/071e60ac-express-2-9.lock
60 silly lockFile b7875759-jade-0-27-2 jade@>= 0.27.2
61 verbose lock jade@>= 0.27.2 /Users/gautammadaan/.npm/b7875759-jade-0-27-2.lock
62 silly lockFile 41ced48f-coffee-script-1-3-3 coffee-script@>= 1.3.3
63 verbose lock coffee-script@>= 1.3.3 /Users/gautammadaan/.npm/41ced48f-coffee-script-1-3-3.lock
64 verbose cache add name="stylus" spec=">= 0.29.0" args=["stylus",">= 0.29.0"]
65 verbose parsed url { protocol: null,
65 verbose parsed url   slashes: null,
65 verbose parsed url   auth: null,
65 verbose parsed url   host: null,
65 verbose parsed url   port: null,
65 verbose parsed url   hostname: null,
65 verbose parsed url   hash: null,
65 verbose parsed url   search: null,
65 verbose parsed url   query: null,
65 verbose parsed url   pathname: '%3E=%200.29.0',
65 verbose parsed url   path: '%3E=%200.29.0',
65 verbose parsed url   href: '%3E=%200.29.0' }
66 verbose addNamed [ 'stylus', '>= 0.29.0' ]
67 verbose addNamed [ null, '>=0.29.0' ]
68 silly lockFile 2419dbdb-stylus-0-29-0 stylus@>= 0.29.0
69 verbose lock stylus@>= 0.29.0 /Users/gautammadaan/.npm/2419dbdb-stylus-0-29-0.lock
70 verbose cache add name="nib" spec=">= 0.8.2" args=["nib",">= 0.8.2"]
71 verbose parsed url { protocol: null,
71 verbose parsed url   slashes: null,
71 verbose parsed url   auth: null,
71 verbose parsed url   host: null,
71 verbose parsed url   port: null,
71 verbose parsed url   hostname: null,
71 verbose parsed url   hash: null,
71 verbose parsed url   search: null,
71 verbose parsed url   query: null,
71 verbose parsed url   pathname: '%3E=%200.8.2',
71 verbose parsed url   path: '%3E=%200.8.2',
71 verbose parsed url   href: '%3E=%200.8.2' }
72 verbose addNamed [ 'nib', '>= 0.8.2' ]
73 verbose addNamed [ null, '>=0.8.2' ]
74 silly lockFile 5eccef1b-nib-0-8-2 nib@>= 0.8.2
75 verbose lock nib@>= 0.8.2 /Users/gautammadaan/.npm/5eccef1b-nib-0-8-2.lock
76 verbose cache add [ 'wrench@>= 1.3.9', null ]
77 verbose cache add name=undefined spec="wrench@>= 1.3.9" args=["wrench@>= 1.3.9",null]
78 verbose parsed url { protocol: null,
78 verbose parsed url   slashes: null,
78 verbose parsed url   auth: null,
78 verbose parsed url   host: null,
78 verbose parsed url   port: null,
78 verbose parsed url   hostname: null,
78 verbose parsed url   hash: null,
78 verbose parsed url   search: null,
78 verbose parsed url   query: null,
78 verbose parsed url   pathname: 'wrench@%3E=%201.3.9',
78 verbose parsed url   path: 'wrench@%3E=%201.3.9',
78 verbose parsed url   href: 'wrench@%3E=%201.3.9' }
79 verbose cache add [ 'requirejs@>= 2.0.6', null ]
80 verbose cache add name=undefined spec="requirejs@>= 2.0.6" args=["requirejs@>= 2.0.6",null]
81 verbose parsed url { protocol: null,
81 verbose parsed url   slashes: null,
81 verbose parsed url   auth: null,
81 verbose parsed url   host: null,
81 verbose parsed url   port: null,
81 verbose parsed url   hostname: null,
81 verbose parsed url   hash: null,
81 verbose parsed url   search: null,
81 verbose parsed url   query: null,
81 verbose parsed url   pathname: 'requirejs@%3E=%202.0.6',
81 verbose parsed url   path: 'requirejs@%3E=%202.0.6',
81 verbose parsed url   href: 'requirejs@%3E=%202.0.6' }
82 verbose cache add [ 'phantom@0.3.5', null ]
83 verbose cache add name=undefined spec="phantom@0.3.5" args=["phantom@0.3.5",null]
84 verbose parsed url { protocol: null,
84 verbose parsed url   slashes: null,
84 verbose parsed url   auth: null,
84 verbose parsed url   host: null,
84 verbose parsed url   port: null,
84 verbose parsed url   hostname: null,
84 verbose parsed url   hash: null,
84 verbose parsed url   search: null,
84 verbose parsed url   query: null,
84 verbose parsed url   pathname: 'phantom@0.3.5',
84 verbose parsed url   path: 'phantom@0.3.5',
84 verbose parsed url   href: 'phantom@0.3.5' }
85 verbose cache add name="stylus-blueprint" spec=">= 0.2.0" args=["stylus-blueprint",">= 0.2.0"]
86 verbose parsed url { protocol: null,
86 verbose parsed url   slashes: null,
86 verbose parsed url   auth: null,
86 verbose parsed url   host: null,
86 verbose parsed url   port: null,
86 verbose parsed url   hostname: null,
86 verbose parsed url   hash: null,
86 verbose parsed url   search: null,
86 verbose parsed url   query: null,
86 verbose parsed url   pathname: '%3E=%200.2.0',
86 verbose parsed url   path: '%3E=%200.2.0',
86 verbose parsed url   href: '%3E=%200.2.0' }
87 verbose addNamed [ 'stylus-blueprint', '>= 0.2.0' ]
88 verbose addNamed [ null, '>=0.2.0' ]
89 silly lockFile fcb4f9e9-stylus-blueprint-0-2-0 stylus-blueprint@>= 0.2.0
90 verbose lock stylus-blueprint@>= 0.2.0 /Users/gautammadaan/.npm/fcb4f9e9-stylus-blueprint-0-2-0.lock
91 verbose cache add name="wrench" spec=">= 1.3.9" args=["wrench",">= 1.3.9"]
92 verbose parsed url { protocol: null,
92 verbose parsed url   slashes: null,
92 verbose parsed url   auth: null,
92 verbose parsed url   host: null,
92 verbose parsed url   port: null,
92 verbose parsed url   hostname: null,
92 verbose parsed url   hash: null,
92 verbose parsed url   search: null,
92 verbose parsed url   query: null,
92 verbose parsed url   pathname: '%3E=%201.3.9',
92 verbose parsed url   path: '%3E=%201.3.9',
92 verbose parsed url   href: '%3E=%201.3.9' }
93 verbose addNamed [ 'wrench', '>= 1.3.9' ]
94 verbose addNamed [ null, '>=1.3.9' ]
95 silly lockFile b0dcfeda-wrench-1-3-9 wrench@>= 1.3.9
96 verbose lock wrench@>= 1.3.9 /Users/gautammadaan/.npm/b0dcfeda-wrench-1-3-9.lock
97 verbose cache add name="requirejs" spec=">= 2.0.6" args=["requirejs",">= 2.0.6"]
98 verbose parsed url { protocol: null,
98 verbose parsed url   slashes: null,
98 verbose parsed url   auth: null,
98 verbose parsed url   host: null,
98 verbose parsed url   port: null,
98 verbose parsed url   hostname: null,
98 verbose parsed url   hash: null,
98 verbose parsed url   search: null,
98 verbose parsed url   query: null,
98 verbose parsed url   pathname: '%3E=%202.0.6',
98 verbose parsed url   path: '%3E=%202.0.6',
98 verbose parsed url   href: '%3E=%202.0.6' }
99 verbose addNamed [ 'requirejs', '>= 2.0.6' ]
100 verbose addNamed [ null, '>=2.0.6' ]
101 silly lockFile 63aac81a-requirejs-2-0-6 requirejs@>= 2.0.6
102 verbose lock requirejs@>= 2.0.6 /Users/gautammadaan/.npm/63aac81a-requirejs-2-0-6.lock
103 verbose cache add [ 'sty@0.6.1', null ]
104 verbose cache add name=undefined spec="sty@0.6.1" args=["sty@0.6.1",null]
105 verbose parsed url { protocol: null,
105 verbose parsed url   slashes: null,
105 verbose parsed url   auth: null,
105 verbose parsed url   host: null,
105 verbose parsed url   port: null,
105 verbose parsed url   hostname: null,
105 verbose parsed url   hash: null,
105 verbose parsed url   search: null,
105 verbose parsed url   query: null,
105 verbose parsed url   pathname: 'sty@0.6.1',
105 verbose parsed url   path: 'sty@0.6.1',
105 verbose parsed url   href: 'sty@0.6.1' }
106 verbose cache add [ 'body-parser@~1.0.0', null ]
107 verbose cache add name=undefined spec="body-parser@~1.0.0" args=["body-parser@~1.0.0",null]
108 verbose parsed url { protocol: null,
108 verbose parsed url   slashes: null,
108 verbose parsed url   auth: null,
108 verbose parsed url   host: null,
108 verbose parsed url   port: null,
108 verbose parsed url   hostname: null,
108 verbose parsed url   hash: null,
108 verbose parsed url   search: null,
108 verbose parsed url   query: null,
108 verbose parsed url   pathname: 'body-parser@~1.0.0',
108 verbose parsed url   path: 'body-parser@~1.0.0',
108 verbose parsed url   href: 'body-parser@~1.0.0' }
109 verbose cache add [ 'method-override@~1.0.0', null ]
110 verbose cache add name=undefined spec="method-override@~1.0.0" args=["method-override@~1.0.0",null]
111 verbose parsed url { protocol: null,
111 verbose parsed url   slashes: null,
111 verbose parsed url   auth: null,
111 verbose parsed url   host: null,
111 verbose parsed url   port: null,
111 verbose parsed url   hostname: null,
111 verbose parsed url   hash: null,
111 verbose parsed url   search: null,
111 verbose parsed url   query: null,
111 verbose parsed url   pathname: 'method-override@~1.0.0',
111 verbose parsed url   path: 'method-override@~1.0.0',
111 verbose parsed url   href: 'method-override@~1.0.0' }
112 verbose cache add name="phantom" spec="0.3.5" args=["phantom","0.3.5"]
113 verbose parsed url { protocol: null,
113 verbose parsed url   slashes: null,
113 verbose parsed url   auth: null,
113 verbose parsed url   host: null,
113 verbose parsed url   port: null,
113 verbose parsed url   hostname: null,
113 verbose parsed url   hash: null,
113 verbose parsed url   search: null,
113 verbose parsed url   query: null,
113 verbose parsed url   pathname: '0.3.5',
113 verbose parsed url   path: '0.3.5',
113 verbose parsed url   href: '0.3.5' }
114 verbose addNamed [ 'phantom', '0.3.5' ]
115 verbose addNamed [ '0.3.5', '0.3.5' ]
116 silly lockFile 256625ec-phantom-0-3-5 phantom@0.3.5
117 verbose lock phantom@0.3.5 /Users/gautammadaan/.npm/256625ec-phantom-0-3-5.lock
118 silly addNameRange { name: 'socket.io-client', range: '>=0.9.2', hasData: false }
119 silly addNameRange { name: 'watch', range: '>=0.5.1', hasData: false }
120 silly addNameRange { name: 'express', range: '>=2.9.0-0', hasData: false }
121 silly addNameRange { name: 'coffee-script', range: '>=1.3.3', hasData: false }
122 silly addNameRange { name: 'jade', range: '>=0.27.2', hasData: false }
123 silly addNameRange { name: 'stylus', range: '>=0.29.0', hasData: false }
124 silly addNameRange { name: 'nib', range: '>=0.8.2', hasData: false }
125 verbose cache add name="sty" spec="0.6.1" args=["sty","0.6.1"]
126 verbose parsed url { protocol: null,
126 verbose parsed url   slashes: null,
126 verbose parsed url   auth: null,
126 verbose parsed url   host: null,
126 verbose parsed url   port: null,
126 verbose parsed url   hostname: null,
126 verbose parsed url   hash: null,
126 verbose parsed url   search: null,
126 verbose parsed url   query: null,
126 verbose parsed url   pathname: '0.6.1',
126 verbose parsed url   path: '0.6.1',
126 verbose parsed url   href: '0.6.1' }
127 verbose addNamed [ 'sty', '0.6.1' ]
128 verbose addNamed [ '0.6.1', '0.6.1' ]
129 silly lockFile ffce97a1-sty-0-6-1 sty@0.6.1
130 verbose lock sty@0.6.1 /Users/gautammadaan/.npm/ffce97a1-sty-0-6-1.lock
131 verbose cache add name="body-parser" spec="~1.0.0" args=["body-parser","~1.0.0"]
132 verbose parsed url { protocol: null,
132 verbose parsed url   slashes: null,
132 verbose parsed url   auth: null,
132 verbose parsed url   host: null,
132 verbose parsed url   port: null,
132 verbose parsed url   hostname: null,
132 verbose parsed url   hash: null,
132 verbose parsed url   search: null,
132 verbose parsed url   query: null,
132 verbose parsed url   pathname: '~1.0.0',
132 verbose parsed url   path: '~1.0.0',
132 verbose parsed url   href: '~1.0.0' }
133 verbose addNamed [ 'body-parser', '~1.0.0' ]
134 verbose addNamed [ null, '>=1.0.0-0 <1.1.0-0' ]
135 silly lockFile 9ca6d1f0-body-parser-1-0-0 body-parser@~1.0.0
136 verbose lock body-parser@~1.0.0 /Users/gautammadaan/.npm/9ca6d1f0-body-parser-1-0-0.lock
137 verbose cache add name="method-override" spec="~1.0.0" args=["method-override","~1.0.0"]
138 verbose parsed url { protocol: null,
138 verbose parsed url   slashes: null,
138 verbose parsed url   auth: null,
138 verbose parsed url   host: null,
138 verbose parsed url   port: null,
138 verbose parsed url   hostname: null,
138 verbose parsed url   hash: null,
138 verbose parsed url   search: null,
138 verbose parsed url   query: null,
138 verbose parsed url   pathname: '~1.0.0',
138 verbose parsed url   path: '~1.0.0',
138 verbose parsed url   href: '~1.0.0' }
139 verbose addNamed [ 'method-override', '~1.0.0' ]
140 verbose addNamed [ null, '>=1.0.0-0 <1.1.0-0' ]
141 silly lockFile 75669156-method-override-1-0-0 method-override@~1.0.0
142 verbose lock method-override@~1.0.0 /Users/gautammadaan/.npm/75669156-method-override-1-0-0.lock
143 verbose request where is /watch
144 verbose request registry https://registry.npmjs.org/
145 verbose request id 0e589c8c64f7ae85
146 verbose url raw /watch
147 verbose url resolving [ 'https://registry.npmjs.org/', './watch' ]
148 verbose url resolved https://registry.npmjs.org/watch
149 verbose request where is https://registry.npmjs.org/watch
150 info trying registry request attempt 1 at 03:24:26
151 http GET https://registry.npmjs.org/watch
152 verbose request where is /stylus
153 verbose request registry https://registry.npmjs.org/
154 verbose url raw /stylus
155 verbose url resolving [ 'https://registry.npmjs.org/', './stylus' ]
156 verbose url resolved https://registry.npmjs.org/stylus
157 verbose request where is https://registry.npmjs.org/stylus
158 info trying registry request attempt 1 at 03:24:26
159 http GET https://registry.npmjs.org/stylus
160 verbose request where is /nib
161 verbose request registry https://registry.npmjs.org/
162 verbose url raw /nib
163 verbose url resolving [ 'https://registry.npmjs.org/', './nib' ]
164 verbose url resolved https://registry.npmjs.org/nib
165 verbose request where is https://registry.npmjs.org/nib
166 info trying registry request attempt 1 at 03:24:26
167 http GET https://registry.npmjs.org/nib
168 silly addNameRange { name: 'stylus-blueprint', range: '>=0.2.0', hasData: false }
169 silly addNameRange { name: 'wrench', range: '>=1.3.9', hasData: false }
170 silly addNameRange { name: 'requirejs', range: '>=2.0.6', hasData: false }
171 verbose request where is /stylus-blueprint
172 verbose request registry https://registry.npmjs.org/
173 verbose url raw /stylus-blueprint
174 verbose url resolving [ 'https://registry.npmjs.org/', './stylus-blueprint' ]
175 verbose url resolved https://registry.npmjs.org/stylus-blueprint
176 verbose request where is https://registry.npmjs.org/stylus-blueprint
177 info trying registry request attempt 1 at 03:24:26
178 http GET https://registry.npmjs.org/stylus-blueprint
179 verbose request where is /wrench
180 verbose request registry https://registry.npmjs.org/
181 verbose url raw /wrench
182 verbose url resolving [ 'https://registry.npmjs.org/', './wrench' ]
183 verbose url resolved https://registry.npmjs.org/wrench
184 verbose request where is https://registry.npmjs.org/wrench
185 info trying registry request attempt 1 at 03:24:26
186 http GET https://registry.npmjs.org/wrench
187 verbose request where is /requirejs
188 verbose request registry https://registry.npmjs.org/
189 verbose url raw /requirejs
190 verbose url resolving [ 'https://registry.npmjs.org/', './requirejs' ]
191 verbose url resolved https://registry.npmjs.org/requirejs
192 verbose request where is https://registry.npmjs.org/requirejs
193 info trying registry request attempt 1 at 03:24:26
194 http GET https://registry.npmjs.org/requirejs
195 silly addNameRange { name: 'body-parser',
195 silly addNameRange   range: '>=1.0.0-0 <1.1.0-0',
195 silly addNameRange   hasData: false }
196 verbose request where is /phantom
197 verbose request registry https://registry.npmjs.org/
198 verbose url raw /phantom
199 verbose url resolving [ 'https://registry.npmjs.org/', './phantom' ]
200 verbose url resolved https://registry.npmjs.org/phantom
201 verbose request where is https://registry.npmjs.org/phantom
202 info trying registry request attempt 1 at 03:24:26
203 http GET https://registry.npmjs.org/phantom
204 silly addNameRange { name: 'method-override',
204 silly addNameRange   range: '>=1.0.0-0 <1.1.0-0',
204 silly addNameRange   hasData: false }
205 verbose request where is /sty
206 verbose request registry https://registry.npmjs.org/
207 verbose url raw /sty
208 verbose url resolving [ 'https://registry.npmjs.org/', './sty' ]
209 verbose url resolved https://registry.npmjs.org/sty
210 verbose request where is https://registry.npmjs.org/sty
211 info trying registry request attempt 1 at 03:24:26
212 http GET https://registry.npmjs.org/sty
213 verbose request where is /body-parser
214 verbose request registry https://registry.npmjs.org/
215 verbose url raw /body-parser
216 verbose url resolving [ 'https://registry.npmjs.org/', './body-parser' ]
217 verbose url resolved https://registry.npmjs.org/body-parser
218 verbose request where is https://registry.npmjs.org/body-parser
219 info trying registry request attempt 1 at 03:24:26
220 http GET https://registry.npmjs.org/body-parser
221 verbose request where is /method-override
222 verbose request registry https://registry.npmjs.org/
223 verbose url raw /method-override
224 verbose url resolving [ 'https://registry.npmjs.org/', './method-override' ]
225 verbose url resolved https://registry.npmjs.org/method-override
226 verbose request where is https://registry.npmjs.org/method-override
227 info trying registry request attempt 1 at 03:24:26
228 http GET https://registry.npmjs.org/method-override
229 verbose request where is /socket.io-client
230 verbose request registry https://registry.npmjs.org/
231 verbose url raw /socket.io-client
232 verbose url resolving [ 'https://registry.npmjs.org/', './socket.io-client' ]
233 verbose url resolved https://registry.npmjs.org/socket.io-client
234 verbose request where is https://registry.npmjs.org/socket.io-client
235 info trying registry request attempt 1 at 03:24:26
236 verbose etag "1OI3I5EE4OFIS3NFZ8UNTE113"
237 http GET https://registry.npmjs.org/socket.io-client
238 verbose request where is /coffee-script
239 verbose request registry https://registry.npmjs.org/
240 verbose url raw /coffee-script
241 verbose url resolving [ 'https://registry.npmjs.org/', './coffee-script' ]
242 verbose url resolved https://registry.npmjs.org/coffee-script
243 verbose request where is https://registry.npmjs.org/coffee-script
244 info trying registry request attempt 1 at 03:24:26
245 verbose etag "DDXMOLHNZ5PB5J4S9FJGFOWG7"
246 http GET https://registry.npmjs.org/coffee-script
247 verbose request where is /express
248 verbose request registry https://registry.npmjs.org/
249 verbose url raw /express
250 verbose url resolving [ 'https://registry.npmjs.org/', './express' ]
251 verbose url resolved https://registry.npmjs.org/express
252 verbose request where is https://registry.npmjs.org/express
253 info trying registry request attempt 1 at 03:24:26
254 verbose etag "DD917SEQUI061MX28QLSC4JXS"
255 http GET https://registry.npmjs.org/express
256 verbose request where is /jade
257 verbose request registry https://registry.npmjs.org/
258 verbose url raw /jade
259 verbose url resolving [ 'https://registry.npmjs.org/', './jade' ]
260 verbose url resolved https://registry.npmjs.org/jade
261 verbose request where is https://registry.npmjs.org/jade
262 info trying registry request attempt 1 at 03:24:26
263 verbose etag "2O8A36TZF8FAVX35MDT0V2IQJ"
264 http GET https://registry.npmjs.org/jade
265 http 200 https://registry.npmjs.org/watch
266 silly registry.get cb [ 200,
266 silly registry.get   { date: 'Mon, 27 Oct 2014 10:24:27 GMT',
266 silly registry.get     server: 'CouchDB/1.5.0 (Erlang OTP/R16B03)',
266 silly registry.get     etag: '"ENAAU1C42ROEQ2KRK0J0QFLYP"',
266 silly registry.get     'content-type': 'application/json',
266 silly registry.get     'cache-control': 'max-age=60',
266 silly registry.get     'content-length': '17258',
266 silly registry.get     'accept-ranges': 'bytes',
266 silly registry.get     via: '1.1 varnish',
266 silly registry.get     age: '23',
266 silly registry.get     'x-served-by': 'cache-lax1435-LAX',
266 silly registry.get     'x-cache': 'HIT',
266 silly registry.get     'x-cache-hits': '1',
266 silly registry.get     'x-timer': 'S1414405467.058446,VS0,VE0',
266 silly registry.get     vary: 'Accept',
266 silly registry.get     'keep-alive': 'timeout=10, max=50',
266 silly registry.get     connection: 'Keep-Alive' } ]
267 silly addNameRange number 2 { name: 'watch', range: '>=0.5.1', hasData: true }
268 silly addNameRange versions [ 'watch',
268 silly addNameRange   [ '0.1.0',
268 silly addNameRange     '0.2.0',
268 silly addNameRange     '0.2.1',
268 silly addNameRange     '0.3.0',
268 silly addNameRange     '0.3.1',
268 silly addNameRange     '0.3.2',
268 silly addNameRange     '0.3.3',
268 silly addNameRange     '0.4.0',
268 silly addNameRange     '0.5.0',
268 silly addNameRange     '0.5.1',
268 silly addNameRange     '0.6.0',
268 silly addNameRange     '0.7.0',
268 silly addNameRange     '0.8.0',
268 silly addNameRange     '0.9.0',
268 silly addNameRange     '0.10.0',
268 silly addNameRange     '0.11.0',
268 silly addNameRange     '0.12.0' ] ]
269 verbose addNamed [ 'watch', '0.12.0' ]
270 verbose addNamed [ '0.12.0', '0.12.0' ]
271 silly lockFile d1fe8673-watch-0-12-0 watch@0.12.0
272 verbose lock watch@0.12.0 /Users/gautammadaan/.npm/d1fe8673-watch-0-12-0.lock
273 silly lockFile 619923ea-npmjs-org-watch-watch-0-12-0-tgz https://registry.npmjs.org/watch/-/watch-0.12.0.tgz
274 verbose lock https://registry.npmjs.org/watch/-/watch-0.12.0.tgz /Users/gautammadaan/.npm/619923ea-npmjs-org-watch-watch-0-12-0-tgz.lock
275 verbose addRemoteTarball [ 'https://registry.npmjs.org/watch/-/watch-0.12.0.tgz',
275 verbose addRemoteTarball   'b3dad156a7e9d9b1fa3daf0e6e768072910e2f5c' ]
276 info retry fetch attempt 1 at 03:24:27
277 verbose fetch to= /var/folders/2v/x6m8vk395_sc5pw0qkbgcs2r0000gn/T/npm-7233-QLVTOR68/registry.npmjs.org/watch/-/watch-0.12.0.tgz
278 http GET https://registry.npmjs.org/watch/-/watch-0.12.0.tgz
279 http 200 https://registry.npmjs.org/nib
280 silly registry.get cb [ 200,
280 silly registry.get   { date: 'Mon, 27 Oct 2014 10:24:27 GMT',
280 silly registry.get     server: 'CouchDB/1.5.0 (Erlang OTP/R16B03)',
280 silly registry.get     etag: '"3GG8Y72ANKWK4JIZ4DIXP2VL0"',
280 silly registry.get     'content-type': 'application/json',
280 silly registry.get     'cache-control': 'max-age=60',
280 silly registry.get     'content-length': '25387',
280 silly registry.get     'accept-ranges': 'bytes',
280 silly registry.get     via: '1.1 varnish',
280 silly registry.get     age: '0',
280 silly registry.get     'x-served-by': 'cache-lax1421-LAX',
280 silly registry.get     'x-cache': 'HIT',
280 silly registry.get     'x-cache-hits': '1',
280 silly registry.get     'x-timer': 'S1414405467.053611,VS0,VE42',
280 silly registry.get     vary: 'Accept',
280 silly registry.get     'keep-alive': 'timeout=10, max=50',
280 silly registry.get     connection: 'Keep-Alive' } ]
281 silly addNameRange number 2 { name: 'nib', range: '>=0.8.2', hasData: true }
282 silly addNameRange versions [ 'nib',
282 silly addNameRange   [ '0.0.1',
282 silly addNameRange     '0.0.2',
282 silly addNameRange     '0.0.3',
282 silly addNameRange     '0.0.4',
282 silly addNameRange     '0.0.5',
282 silly addNameRange     '0.0.6',
282 silly addNameRange     '0.0.7',
282 silly addNameRange     '0.0.8',
282 silly addNameRange     '0.1.0',
282 silly addNameRange     '0.2.0',
282 silly addNameRange     '0.3.0',
282 silly addNameRange     '0.3.1',
282 silly addNameRange     '0.3.2',
282 silly addNameRange     '0.4.0',
282 silly addNameRange     '0.4.1',
282 silly addNameRange     '0.5.0',
282 silly addNameRange     '0.6.0',
282 silly addNameRange     '0.7.0',
282 silly addNameRange     '0.7.1',
282 silly addNameRange     '0.8.1',
282 silly addNameRange     '0.8.2',
282 silly addNameRange     '0.9.0',
282 silly addNameRange     '0.9.1',
282 silly addNameRange     '0.9.2',
282 silly addNameRange     '1.0.0',
282 silly addNameRange     '1.0.1',
282 silly addNameRange     '1.0.2',
282 silly addNameRange     '1.0.3',
282 silly addNameRange     '1.0.4' ] ]
283 verbose addNamed [ 'nib', '1.0.4' ]
284 verbose addNamed [ '1.0.4', '1.0.4' ]
285 silly lockFile 2ad8dc96-nib-1-0-4 nib@1.0.4
286 verbose lock nib@1.0.4 /Users/gautammadaan/.npm/2ad8dc96-nib-1-0-4.lock
287 silly lockFile a5a39cc6-stry-npmjs-org-nib-nib-1-0-4-tgz https://registry.npmjs.org/nib/-/nib-1.0.4.tgz
288 verbose lock https://registry.npmjs.org/nib/-/nib-1.0.4.tgz /Users/gautammadaan/.npm/a5a39cc6-stry-npmjs-org-nib-nib-1-0-4-tgz.lock
289 verbose addRemoteTarball [ 'https://registry.npmjs.org/nib/-/nib-1.0.4.tgz',
289 verbose addRemoteTarball   '03d397c27a231f3c9a5a190eaa68e5d79e2f0345' ]
290 info retry fetch attempt 1 at 03:24:27
291 verbose fetch to= /var/folders/2v/x6m8vk395_sc5pw0qkbgcs2r0000gn/T/npm-7233-QLVTOR68/registry.npmjs.org/nib/-/nib-1.0.4.tgz
292 http GET https://registry.npmjs.org/nib/-/nib-1.0.4.tgz
293 http 200 https://registry.npmjs.org/stylus-blueprint
294 silly registry.get cb [ 200,
294 silly registry.get   { date: 'Mon, 27 Oct 2014 10:24:27 GMT',
294 silly registry.get     server: 'CouchDB/1.5.0 (Erlang OTP/R16B03)',
294 silly registry.get     etag: '"8K0I0MPQSMF2YZX5SDHFKMMIZ"',
294 silly registry.get     'content-type': 'application/json',
294 silly registry.get     'cache-control': 'max-age=60',
294 silly registry.get     'content-length': '3944',
294 silly registry.get     'accept-ranges': 'bytes',
294 silly registry.get     via: '1.1 varnish',
294 silly registry.get     age: '0',
294 silly registry.get     'x-served-by': 'cache-lax1427-LAX',
294 silly registry.get     'x-cache': 'MISS',
294 silly registry.get     'x-cache-hits': '0',
294 silly registry.get     'x-timer': 'S1414405467.061123,VS0,VE76',
294 silly registry.get     vary: 'Accept',
294 silly registry.get     'keep-alive': 'timeout=10, max=50',
294 silly registry.get     connection: 'Keep-Alive' } ]
295 silly addNameRange number 2 { name: 'stylus-blueprint', range: '>=0.2.0', hasData: true }
296 silly addNameRange versions [ 'stylus-blueprint', [ '0.1.0', '0.2.0', '0.2.1' ] ]
297 verbose addNamed [ 'stylus-blueprint', '0.2.1' ]
298 verbose addNamed [ '0.2.1', '0.2.1' ]
299 silly lockFile 8ecdb175-stylus-blueprint-0-2-1 stylus-blueprint@0.2.1
300 verbose lock stylus-blueprint@0.2.1 /Users/gautammadaan/.npm/8ecdb175-stylus-blueprint-0-2-1.lock
301 silly lockFile 004ae5cd-print-stylus-blueprint-0-2-1-tgz https://registry.npmjs.org/stylus-blueprint/-/stylus-blueprint-0.2.1.tgz
302 verbose lock https://registry.npmjs.org/stylus-blueprint/-/stylus-blueprint-0.2.1.tgz /Users/gautammadaan/.npm/004ae5cd-print-stylus-blueprint-0-2-1-tgz.lock
303 verbose addRemoteTarball [ 'https://registry.npmjs.org/stylus-blueprint/-/stylus-blueprint-0.2.1.tgz',
303 verbose addRemoteTarball   'bbeb84ba5164c667a9ef0c5cc89ce8128e245bbb' ]
304 info retry fetch attempt 1 at 03:24:27
305 verbose fetch to= /var/folders/2v/x6m8vk395_sc5pw0qkbgcs2r0000gn/T/npm-7233-QLVTOR68/registry.npmjs.org/stylus-blueprint/-/stylus-blueprint-0.2.1.tgz
306 http GET https://registry.npmjs.org/stylus-blueprint/-/stylus-blueprint-0.2.1.tgz
307 http 200 https://registry.npmjs.org/requirejs
308 silly registry.get cb [ 200,
308 silly registry.get   { date: 'Mon, 27 Oct 2014 10:24:27 GMT',
308 silly registry.get     server: 'CouchDB/1.5.0 (Erlang OTP/R16B03)',
308 silly registry.get     etag: '"6OJU17D9DF2VZ3YZRYD4YD4B5"',
308 silly registry.get     'content-type': 'application/json',
308 silly registry.get     'cache-control': 'max-age=60',
308 silly registry.get     'content-length': '35836',
308 silly registry.get     'accept-ranges': 'bytes',
308 silly registry.get     via: '1.1 varnish',
308 silly registry.get     age: '14',
308 silly registry.get     'x-served-by': 'cache-lax1435-LAX',
308 silly registry.get     'x-cache': 'HIT',
308 silly registry.get     'x-cache-hits': '1',
308 silly registry.get     'x-timer': 'S1414405467.120392,VS0,VE0',
308 silly registry.get     vary: 'Accept',
308 silly registry.get     'keep-alive': 'timeout=10, max=49',
308 silly registry.get     connection: 'Keep-Alive' } ]
309 silly addNameRange number 2 { name: 'requirejs', range: '>=2.0.6', hasData: true }
310 silly addNameRange versions [ 'requirejs',
310 silly addNameRange   [ '0.26.0',
310 silly addNameRange     '0.27.0',
310 silly addNameRange     '0.27.1',
310 silly addNameRange     '1.0.0',
310 silly addNameRange     '1.0.1',
310 silly addNameRange     '1.0.2',
310 silly addNameRange     '1.0.3',
310 silly addNameRange     '1.0.4',
310 silly addNameRange     '1.0.5',
310 silly addNameRange     '1.0.6',
310 silly addNameRange     '1.0.7',
310 silly addNameRange     '1.0.8',
310 silly addNameRange     '2.0.0',
310 silly addNameRange     '2.0.1',
310 silly addNameRange     '2.0.2',
310 silly addNameRange     '2.0.3',
310 silly addNameRange     '2.0.4',
310 silly addNameRange     '2.0.5',
310 silly addNameRange     '2.0.6',
310 silly addNameRange     '2.1.0',
310 silly addNameRange     '2.1.1',
310 silly addNameRange     '2.1.2',
310 silly addNameRange     '2.1.3',
310 silly addNameRange     '2.1.4',
310 silly addNameRange     '2.1.5',
310 silly addNameRange     '2.1.6',
310 silly addNameRange     '2.1.7',
310 silly addNameRange     '2.1.8',
310 silly addNameRange     '2.1.9',
310 silly addNameRange     '2.1.10',
310 silly addNameRange     '2.1.11',
310 silly addNameRange     '2.1.12',
310 silly addNameRange     '2.1.13',
310 silly addNameRange     '2.1.14',
310 silly addNameRange     '2.1.15' ] ]
311 verbose addNamed [ 'requirejs', '2.1.15' ]
312 verbose addNamed [ '2.1.15', '2.1.15' ]
313 silly lockFile 87818c58-requirejs-2-1-15 requirejs@2.1.15
314 verbose lock requirejs@2.1.15 /Users/gautammadaan/.npm/87818c58-requirejs-2-1-15.lock
315 silly lockFile 71b1f59b-g-requirejs-requirejs-2-1-15-tgz https://registry.npmjs.org/requirejs/-/requirejs-2.1.15.tgz
316 verbose lock https://registry.npmjs.org/requirejs/-/requirejs-2.1.15.tgz /Users/gautammadaan/.npm/71b1f59b-g-requirejs-requirejs-2-1-15-tgz.lock
317 verbose addRemoteTarball [ 'https://registry.npmjs.org/requirejs/-/requirejs-2.1.15.tgz',
317 verbose addRemoteTarball   'cbcfce55d584ae5983c00a20daa8eade37d18892' ]
318 info retry fetch attempt 1 at 03:24:27
319 verbose fetch to= /var/folders/2v/x6m8vk395_sc5pw0qkbgcs2r0000gn/T/npm-7233-QLVTOR68/registry.npmjs.org/requirejs/-/requirejs-2.1.15.tgz
320 http GET https://registry.npmjs.org/requirejs/-/requirejs-2.1.15.tgz
321 http 200 https://registry.npmjs.org/phantom
322 silly registry.get cb [ 200,
322 silly registry.get   { date: 'Mon, 27 Oct 2014 10:24:27 GMT',
322 silly registry.get     server: 'CouchDB/1.5.0 (Erlang OTP/R16B03)',
322 silly registry.get     etag: '"DXGJ0K7L09VLTMWBVL74VO2I6"',
322 silly registry.get     'content-type': 'application/json',
322 silly registry.get     'cache-control': 'max-age=60',
322 silly registry.get     'content-length': '44656',
322 silly registry.get     'accept-ranges': 'bytes',
322 silly registry.get     via: '1.1 varnish',
322 silly registry.get     age: '16',
322 silly registry.get     'x-served-by': 'cache-lax1421-LAX',
322 silly registry.get     'x-cache': 'HIT',
322 silly registry.get     'x-cache-hits': '2',
322 silly registry.get     'x-timer': 'S1414405467.147026,VS0,VE0',
322 silly registry.get     vary: 'Accept',
322 silly registry.get     'keep-alive': 'timeout=10, max=49',
322 silly registry.get     connection: 'Keep-Alive' } ]
323 silly lockFile 40ec684b-js-org-phantom-phantom-0-3-5-tgz https://registry.npmjs.org/phantom/-/phantom-0.3.5.tgz
324 verbose lock https://registry.npmjs.org/phantom/-/phantom-0.3.5.tgz /Users/gautammadaan/.npm/40ec684b-js-org-phantom-phantom-0-3-5-tgz.lock
325 verbose addRemoteTarball [ 'https://registry.npmjs.org/phantom/-/phantom-0.3.5.tgz',
325 verbose addRemoteTarball   'cf3a6f72be2fb9dcd0d9dae9205138d132c1ac21' ]
326 http 200 https://registry.npmjs.org/watch/-/watch-0.12.0.tgz
327 info retry fetch attempt 1 at 03:24:27
328 verbose fetch to= /var/folders/2v/x6m8vk395_sc5pw0qkbgcs2r0000gn/T/npm-7233-QLVTOR68/registry.npmjs.org/phantom/-/phantom-0.3.5.tgz
329 http GET https://registry.npmjs.org/phantom/-/phantom-0.3.5.tgz
330 silly lockFile 619923ea-npmjs-org-watch-watch-0-12-0-tgz https://registry.npmjs.org/watch/-/watch-0.12.0.tgz
331 silly lockFile 619923ea-npmjs-org-watch-watch-0-12-0-tgz https://registry.npmjs.org/watch/-/watch-0.12.0.tgz
332 silly lockFile d1fe8673-watch-0-12-0 watch@0.12.0
333 silly lockFile d1fe8673-watch-0-12-0 watch@0.12.0
334 silly lockFile 70e28e25-watch-0-5-1 watch@>= 0.5.1
335 silly lockFile 70e28e25-watch-0-5-1 watch@>= 0.5.1
336 http 200 https://registry.npmjs.org/nib/-/nib-1.0.4.tgz
337 http 200 https://registry.npmjs.org/method-override
338 silly registry.get cb [ 200,
338 silly registry.get   { date: 'Mon, 27 Oct 2014 10:24:27 GMT',
338 silly registry.get     server: 'CouchDB/1.5.0 (Erlang OTP/R16B03)',
338 silly registry.get     etag: '"9PVER2MH3KEG1HPPCJQD6ICO2"',
338 silly registry.get     'content-type': 'application/json',
338 silly registry.get     'cache-control': 'max-age=60',
338 silly registry.get     'content-length': '27161',
338 silly registry.get     'accept-ranges': 'bytes',
338 silly registry.get     via: '1.1 varnish',
338 silly registry.get     age: '904',
338 silly registry.get     'x-served-by': 'cache-lax1421-LAX',
338 silly registry.get     'x-cache': 'HIT',
338 silly registry.get     'x-cache-hits': '1',
338 silly registry.get     'x-timer': 'S1414405467.223782,VS0,VE0',
338 silly registry.get     vary: 'Accept',
338 silly registry.get     'keep-alive': 'timeout=10, max=48',
338 silly registry.get     connection: 'Keep-Alive' } ]
339 silly addNameRange number 2 { name: 'method-override',
339 silly addNameRange   range: '>=1.0.0-0 <1.1.0-0',
339 silly addNameRange   hasData: true }
340 silly addNameRange versions [ 'method-override',
340 silly addNameRange   [ '1.0.0',
340 silly addNameRange     '1.0.1',
340 silly addNameRange     '1.0.2',
340 silly addNameRange     '2.0.0',
340 silly addNameRange     '2.0.1',
340 silly addNameRange     '2.0.2',
340 silly addNameRange     '2.1.0',
340 silly addNameRange     '2.1.1',
340 silly addNameRange     '2.1.2',
340 silly addNameRange     '2.1.3',
340 silly addNameRange     '2.2.0',
340 silly addNameRange     '2.3.0' ] ]
341 verbose addNamed [ 'method-override', '1.0.2' ]
342 verbose addNamed [ '1.0.2', '1.0.2' ]
343 silly lockFile 23338e91-method-override-1-0-2 method-override@1.0.2
344 verbose lock method-override@1.0.2 /Users/gautammadaan/.npm/23338e91-method-override-1-0-2.lock
345 silly lockFile 746df826-erride-method-override-1-0-2-tgz https://registry.npmjs.org/method-override/-/method-override-1.0.2.tgz
346 verbose lock https://registry.npmjs.org/method-override/-/method-override-1.0.2.tgz /Users/gautammadaan/.npm/746df826-erride-method-override-1-0-2-tgz.lock
347 verbose addRemoteTarball [ 'https://registry.npmjs.org/method-override/-/method-override-1.0.2.tgz',
347 verbose addRemoteTarball   'd6f80275db23a23380028c9215b97470be01d689' ]
348 info retry fetch attempt 1 at 03:24:27
349 verbose fetch to= /var/folders/2v/x6m8vk395_sc5pw0qkbgcs2r0000gn/T/npm-7233-QLVTOR68/registry.npmjs.org/method-override/-/method-override-1.0.2.tgz
350 http GET https://registry.npmjs.org/method-override/-/method-override-1.0.2.tgz
351 http 200 https://registry.npmjs.org/body-parser
352 silly registry.get cb [ 200,
352 silly registry.get   { date: 'Mon, 27 Oct 2014 10:24:27 GMT',
352 silly registry.get     server: 'CouchDB/1.5.0 (Erlang OTP/R16B03)',
352 silly registry.get     etag: '"6H78ALJN535B9H0WANI691DPE"',
352 silly registry.get     'content-type': 'application/json',
352 silly registry.get     'cache-control': 'max-age=60',
352 silly registry.get     'content-length': '69568',
352 silly registry.get     'accept-ranges': 'bytes',
352 silly registry.get     via: '1.1 varnish',
352 silly registry.get     age: '14',
352 silly registry.get     'x-served-by': 'cache-lax1435-LAX',
352 silly registry.get     'x-cache': 'HIT',
352 silly registry.get     'x-cache-hits': '1',
352 silly registry.get     'x-timer': 'S1414405467.194860,VS0,VE0',
352 silly registry.get     vary: 'Accept',
352 silly registry.get     'keep-alive': 'timeout=10, max=48',
352 silly registry.get     connection: 'Keep-Alive' } ]
353 silly addNameRange number 2 { name: 'body-parser',
353 silly addNameRange   range: '>=1.0.0-0 <1.1.0-0',
353 silly addNameRange   hasData: true }
354 silly addNameRange versions [ 'body-parser',
354 silly addNameRange   [ '1.0.0',
354 silly addNameRange     '1.0.1',
354 silly addNameRange     '1.0.2',
354 silly addNameRange     '1.1.0',
354 silly addNameRange     '1.1.1',
354 silly addNameRange     '1.1.2',
354 silly addNameRange     '1.2.0',
354 silly addNameRange     '1.2.1',
354 silly addNameRange     '1.2.2',
354 silly addNameRange     '1.3.0',
354 silly addNameRange     '1.3.1',
354 silly addNameRange     '1.4.0',
354 silly addNameRange     '1.4.1',
354 silly addNameRange     '1.4.2',
354 silly addNameRange     '1.4.3',
354 silly addNameRange     '1.5.0',
354 silly addNameRange     '1.5.1',
354 silly addNameRange     '1.5.2',
354 silly addNameRange     '1.6.0',
354 silly addNameRange     '1.6.1',
354 silly addNameRange     '1.6.2',
354 silly addNameRange     '1.6.3',
354 silly addNameRange     '1.6.4',
354 silly addNameRange     '1.6.5',
354 silly addNameRange     '1.6.6',
354 silly addNameRange     '1.6.7',
354 silly addNameRange     '1.7.0',
354 silly addNameRange     '1.8.0',
354 silly addNameRange     '1.8.1',
354 silly addNameRange     '1.8.2',
354 silly addNameRange     '1.8.3',
354 silly addNameRange     '1.8.4',
354 silly addNameRange     '1.9.0',
354 silly addNameRange     '1.9.1' ] ]
355 verbose addNamed [ 'body-parser', '1.0.2' ]
356 verbose addNamed [ '1.0.2', '1.0.2' ]
357 silly lockFile bc6ccf3b-body-parser-1-0-2 body-parser@1.0.2
358 verbose lock body-parser@1.0.2 /Users/gautammadaan/.npm/bc6ccf3b-body-parser-1-0-2.lock
359 silly lockFile 9ecea155-ody-parser-body-parser-1-0-2-tgz https://registry.npmjs.org/body-parser/-/body-parser-1.0.2.tgz
360 verbose lock https://registry.npmjs.org/body-parser/-/body-parser-1.0.2.tgz /Users/gautammadaan/.npm/9ecea155-ody-parser-body-parser-1-0-2-tgz.lock
361 verbose addRemoteTarball [ 'https://registry.npmjs.org/body-parser/-/body-parser-1.0.2.tgz',
361 verbose addRemoteTarball   '3461479a3278fe00fcaebec3314bb54fc4f7b47c' ]
362 info retry fetch attempt 1 at 03:24:27
363 verbose fetch to= /var/folders/2v/x6m8vk395_sc5pw0qkbgcs2r0000gn/T/npm-7233-QLVTOR68/registry.npmjs.org/body-parser/-/body-parser-1.0.2.tgz
364 http GET https://registry.npmjs.org/body-parser/-/body-parser-1.0.2.tgz
365 http 200 https://registry.npmjs.org/requirejs/-/requirejs-2.1.15.tgz
366 http 200 https://registry.npmjs.org/coffee-script
367 silly registry.get cb [ 200,
367 silly registry.get   { date: 'Mon, 27 Oct 2014 10:24:27 GMT',
367 silly registry.get     server: 'CouchDB/1.5.0 (Erlang OTP/R16B03)',
367 silly registry.get     etag: '"CK60GKFBPIB3RXA1IRES83CJS"',
367 silly registry.get     'content-type': 'application/json',
367 silly registry.get     'cache-control': 'max-age=60',
367 silly registry.get     'content-length': '32457',
367 silly registry.get     'accept-ranges': 'bytes',
367 silly registry.get     via: '1.1 varnish',
367 silly registry.get     age: '16',
367 silly registry.get     'x-served-by': 'cache-lax1435-LAX',
367 silly registry.get     'x-cache': 'HIT',
367 silly registry.get     'x-cache-hits': '1',
367 silly registry.get     'x-timer': 'S1414405467.286092,VS0,VE0',
367 silly registry.get     vary: 'Accept',
367 silly registry.get     'keep-alive': 'timeout=10, max=47',
367 silly registry.get     connection: 'Keep-Alive' } ]
368 http 200 https://registry.npmjs.org/stylus
369 silly registry.get cb [ 200,
369 silly registry.get   { date: 'Mon, 27 Oct 2014 10:24:27 GMT',
369 silly registry.get     server: 'CouchDB/1.5.0 (Erlang OTP/R16B03)',
369 silly registry.get     etag: '"64U2NATOAT1BI85V1DI1R3CGJ"',
369 silly registry.get     'content-type': 'application/json',
369 silly registry.get     'cache-control': 'max-age=60',
369 silly registry.get     'content-length': '175572',
369 silly registry.get     'accept-ranges': 'bytes',
369 silly registry.get     via: '1.1 varnish',
369 silly registry.get     age: '0',
369 silly registry.get     'x-served-by': 'cache-lax1426-LAX',
369 silly registry.get     'x-cache': 'HIT',
369 silly registry.get     'x-cache-hits': '1',
369 silly registry.get     'x-timer': 'S1414405467.058395,VS0,VE74',
369 silly registry.get     vary: 'Accept',
369 silly registry.get     'keep-alive': 'timeout=10, max=50',
369 silly registry.get     connection: 'Keep-Alive' } ]
370 silly addNameRange number 2 { name: 'stylus', range: '>=0.29.0', hasData: true }
371 silly addNameRange versions [ 'stylus',
371 silly addNameRange   [ '0.0.1',
371 silly addNameRange     '0.0.2',
371 silly addNameRange     '0.1.0',
371 silly addNameRange     '0.2.0',
371 silly addNameRange     '0.2.1',
371 silly addNameRange     '0.3.0',
371 silly addNameRange     '0.3.1',
371 silly addNameRange     '0.4.0',
371 silly addNameRange     '0.4.1',
371 silly addNameRange     '0.5.0',
371 silly addNameRange     '0.5.1',
371 silly addNameRange     '0.5.2',
371 silly addNameRange     '0.5.3',
371 silly addNameRange     '0.6.0',
371 silly addNameRange     '0.6.2',
371 silly addNameRange     '0.6.3',
371 silly addNameRange     '0.6.4',
371 silly addNameRange     '0.6.5',
371 silly addNameRange     '0.6.6',
371 silly addNameRange     '0.6.7',
371 silly addNameRange     '0.7.0',
371 silly addNameRange     '0.7.1',
371 silly addNameRange     '0.7.2',
371 silly addNameRange     '0.7.3',
371 silly addNameRange     '0.7.4',
371 silly addNameRange     '0.8.0',
371 silly addNameRange     '0.9.0',
371 silly addNameRange     '0.9.1',
371 silly addNameRange     '0.9.2',
371 silly addNameRange     '0.10.0',
371 silly addNameRange     '0.11.0',
371 silly addNameRange     '0.11.1',
371 silly addNameRange     '0.11.2',
371 silly addNameRange     '0.11.3',
371 silly addNameRange     '0.11.4',
371 silly addNameRange     '0.11.5',
371 silly addNameRange     '0.11.6',
371 silly addNameRange     '0.11.7',
371 silly addNameRange     '0.11.8',
371 silly addNameRange     '0.11.9',
371 silly addNameRange     '0.11.10',
371 silly addNameRange     '0.11.11',
371 silly addNameRange     '0.11.12',
371 silly addNameRange     '0.12.0',
371 silly addNameRange     '0.12.1',
371 silly addNameRange     '0.12.2',
371 silly addNameRange     '0.12.3',
371 silly addNameRange     '0.12.4',
371 silly addNameRange     '0.13.0',
371 silly addNameRange     '0.13.1',
371 silly addNameRange     '0.13.2',
371 silly addNameRange     '0.13.3',
371 silly addNameRange     '0.13.4',
371 silly addNameRange     '0.13.5',
371 silly addNameRange     '0.13.6',
371 silly addNameRange     '0.13.7',
371 silly addNameRange     '0.13.8',
371 silly addNameRange     '0.13.9',
371 silly addNameRange     '0.14.0',
371 silly addNameRange     '0.15.0',
371 silly addNameRange     '0.15.1',
371 silly addNameRange     '0.15.2',
371 silly addNameRange     '0.15.3',
371 silly addNameRange     '0.15.4',
371 silly addNameRange     '0.16.0',
371 silly addNameRange     '0.17.0',
371 silly addNameRange     '0.18.0',
371 silly addNameRange     '0.19.0',
371 silly addNameRange     '0.19.1',
371 silly addNameRange     '0.19.2',
371 silly addNameRange     '0.19.3',
371 silly addNameRange     '0.19.4',
371 silly addNameRange     '0.19.5',
371 silly addNameRange     '0.19.6',
371 silly addNameRange     '0.19.7',
371 silly addNameRange     '0.19.8',
371 silly addNameRange     '0.20.0',
371 silly addNameRange     '0.20.1',
371 silly addNameRange     '0.21.0',
371 silly addNameRange     '0.21.1',
371 silly addNameRange     '0.21.2',
371 silly addNameRange     '0.22.0',
371 silly addNameRange     '0.22.1',
371 silly addNameRange     '0.22.2',
371 silly addNameRange     '0.22.3',
371 silly addNameRange     '0.22.4',
371 silly addNameRange     '0.22.5',
371 silly addNameRange     '0.22.6',
371 silly addNameRange     '0.23.0',
371 silly addNameRange     '0.24.0',
371 silly addNameRange     '0.25.0',
371 silly addNameRange     '0.26.0',
371 silly addNameRange     '0.26.1',
371 silly addNameRange     '0.27.0',
371 silly addNameRange     '0.27.1',
371 silly addNameRange     '0.27.2',
371 silly addNameRange     '0.28.0',
371 silly addNameRange     '0.28.1',
371 silly addNameRange     '0.28.2',
371 silly addNameRange     '0.29.0',
371 silly addNameRange     '0.30.0',
371 silly addNameRange     '0.30.1',
371 silly addNameRange     '0.31.0',
371 silly addNameRange     '0.32.0',
371 silly addNameRange     '0.32.1',
371 silly addNameRange     '0.33.0',
371 silly addNameRange     '0.33.1',
371 silly addNameRange     '0.34.0',
371 silly addNameRange     '0.34.1',
371 silly addNameRange     '0.35.0',
371 silly addNameRange     '0.35.1',
371 silly addNameRange     '0.36.0',
371 silly addNameRange     '0.36.1',
371 silly addNameRange     '0.37.0',
371 silly addNameRange     '0.38.0',
371 silly addNameRange     '0.39.0',
371 silly addNameRange     '0.39.1',
371 silly addNameRange     '0.39.2',
371 silly addNameRange     '0.39.3',
371 silly addNameRange     '0.39.4',
371 silly addNameRange     '0.40.0',
371 silly addNameRange     '0.40.1',
371 silly addNameRange     '0.40.2',
371 silly addNameRange     '0.40.3',
371 silly addNameRange     '0.41.0',
371 silly addNameRange     '0.41.1',
371 silly addNameRange     '0.41.2',
371 silly addNameRange     '0.41.3',
371 silly addNameRange     '0.42.0',
371 silly addNameRange     '0.42.1',
371 silly addNameRange     '0.42.2',
371 silly addNameRange     '0.42.3',
371 silly addNameRange     '0.43.0',
371 silly addNameRange     '0.44.0-beta',
371 silly addNameRange     '0.43.1',
371 silly addNameRange     '0.44.0-beta2',
371 silly addNameRange     '0.44.0-beta3',
371 silly addNameRange     '0.44.0',
371 silly addNameRange     '0.45.0',
371 silly addNameRange     '0.45.1',
371 silly addNameRange     '0.46.0',
371 silly addNameRange     '0.46.1',
371 silly addNameRange     '0.46.2',
371 silly addNameRange     '0.46.3',
371 silly addNameRange     '0.47.0',
371 silly addNameRange     '0.47.1',
371 silly addNameRange     '0.47.2',
371 silly addNameRange     '0.47.3',
371 silly addNameRange     '0.48.0',
371 silly addNameRange     '0.48.1',
371 silly addNameRange     '0.49.0',
371 silly addNameRange     '0.49.1',
371 silly addNameRange     '0.49.2' ] ]
372 verbose addNamed [ 'stylus', '0.49.2' ]
373 verbose addNamed [ '0.49.2', '0.49.2' ]
374 silly lockFile 63de0a16-stylus-0-49-2 stylus@0.49.2
375 verbose lock stylus@0.49.2 /Users/gautammadaan/.npm/63de0a16-stylus-0-49-2.lock
376 silly lockFile 7d8b6d3d-mjs-org-stylus-stylus-0-49-2-tgz https://registry.npmjs.org/stylus/-/stylus-0.49.2.tgz
377 verbose lock https://registry.npmjs.org/stylus/-/stylus-0.49.2.tgz /Users/gautammadaan/.npm/7d8b6d3d-mjs-org-stylus-stylus-0-49-2-tgz.lock
378 silly addNameRange number 2 { name: 'coffee-script', range: '>=1.3.3', hasData: true }
379 silly addNameRange versions [ 'coffee-script',
379 silly addNameRange   [ '0.7.0',
379 silly addNameRange     '0.7.1',
379 silly addNameRange     '0.7.2',
379 silly addNameRange     '0.9.0',
379 silly addNameRange     '0.9.1',
379 silly addNameRange     '0.9.2',
379 silly addNameRange     '0.9.3',
379 silly addNameRange     '0.9.4',
379 silly addNameRange     '0.9.5',
379 silly addNameRange     '0.9.6',
379 silly addNameRange     '1.0.0',
379 silly addNameRange     '1.0.1',
379 silly addNameRange     '1.1.0',
379 silly addNameRange     '1.1.1',
379 silly addNameRange     '1.1.2',
379 silly addNameRange     '1.1.3',
379 silly addNameRange     '1.2.0',
379 silly addNameRange     '1.3.0',
379 silly addNameRange     '1.3.1',
379 silly addNameRange     '1.3.2',
379 silly addNameRange     '1.3.3',
379 silly addNameRange     '1.4.0',
379 silly addNameRange     '1.5.0',
379 silly addNameRange     '1.6.0',
379 silly addNameRange     '1.6.1',
379 silly addNameRange     '1.6.2',
379 silly addNameRange     '1.6.3',
379 silly addNameRange     '1.7.0',
379 silly addNameRange     '1.7.1',
379 silly addNameRange     '1.8.0' ] ]
380 verbose addNamed [ 'coffee-script', '1.8.0' ]
381 verbose addNamed [ '1.8.0', '1.8.0' ]
382 silly lockFile d0d79082-coffee-script-1-8-0 coffee-script@1.8.0
383 verbose lock coffee-script@1.8.0 /Users/gautammadaan/.npm/d0d79082-coffee-script-1-8-0.lock
384 verbose addRemoteTarball [ 'https://registry.npmjs.org/stylus/-/stylus-0.49.2.tgz',
384 verbose addRemoteTarball   'c72a9ea9d904d24bb07c8fd609e6abc28620000a' ]
385 info retry fetch attempt 1 at 03:24:27
386 verbose fetch to= /var/folders/2v/x6m8vk395_sc5pw0qkbgcs2r0000gn/T/npm-7233-QLVTOR68/registry.npmjs.org/stylus/-/stylus-0.49.2.tgz
387 http GET https://registry.npmjs.org/stylus/-/stylus-0.49.2.tgz
388 silly lockFile d0d79082-coffee-script-1-8-0 coffee-script@1.8.0
389 silly lockFile d0d79082-coffee-script-1-8-0 coffee-script@1.8.0
390 silly lockFile 41ced48f-coffee-script-1-3-3 coffee-script@>= 1.3.3
391 silly lockFile 41ced48f-coffee-script-1-3-3 coffee-script@>= 1.3.3
392 http 200 https://registry.npmjs.org/socket.io-client
393 silly registry.get cb [ 200,
393 silly registry.get   { date: 'Mon, 27 Oct 2014 10:24:27 GMT',
393 silly registry.get     server: 'CouchDB/1.5.0 (Erlang OTP/R16B03)',
393 silly registry.get     etag: '"37GGUN82UBY0H7E8OL7570PY1"',
393 silly registry.get     'content-type': 'application/json',
393 silly registry.get     'cache-control': 'max-age=60',
393 silly registry.get     'content-length': '73441',
393 silly registry.get     'accept-ranges': 'bytes',
393 silly registry.get     via: '1.1 varnish',
393 silly registry.get     age: '24',
393 silly registry.get     'x-served-by': 'cache-lax1421-LAX',
393 silly registry.get     'x-cache': 'HIT',
393 silly registry.get     'x-cache-hits': '2',
393 silly registry.get     'x-timer': 'S1414405467.274614,VS0,VE0',
393 silly registry.get     vary: 'Accept',
393 silly registry.get     'keep-alive': 'timeout=10, max=47',
393 silly registry.get     connection: 'Keep-Alive' } ]
394 http 200 https://registry.npmjs.org/sty
395 silly registry.get cb [ 200,
395 silly registry.get   { date: 'Mon, 27 Oct 2014 10:24:27 GMT',
395 silly registry.get     server: 'CouchDB/1.5.0 (Erlang OTP/R16B03)',
395 silly registry.get     etag: '"616XAZPKSR4MG94OR96HI0ST1"',
395 silly registry.get     'content-type': 'application/json',
395 silly registry.get     'cache-control': 'max-age=60',
395 silly registry.get     'content-length': '3348',
395 silly registry.get     'accept-ranges': 'bytes',
395 silly registry.get     via: '1.1 varnish',
395 silly registry.get     age: '0',
395 silly registry.get     'x-served-by': 'cache-lax1427-LAX',
395 silly registry.get     'x-cache': 'MISS',
395 silly registry.get     'x-cache-hits': '0',
395 silly registry.get     'x-timer': 'S1414405467.161609,VS0,VE183',
395 silly registry.get     vary: 'Accept',
395 silly registry.get     'keep-alive': 'timeout=10, max=49',
395 silly registry.get     connection: 'Keep-Alive' } ]
396 silly addNameRange number 2 { name: 'socket.io-client', range: '>=0.9.2', hasData: true }
397 silly addNameRange versions [ 'socket.io-client',
397 silly addNameRange   [ '0.7.0',
397 silly addNameRange     '0.7.1',
397 silly addNameRange     '0.7.2',
397 silly addNameRange     '0.7.3',
397 silly addNameRange     '0.7.4',
397 silly addNameRange     '0.7.5',
397 silly addNameRange     '0.7.9',
397 silly addNameRange     '0.7.10',
397 silly addNameRange     '0.7.11',
397 silly addNameRange     '0.8.0',
397 silly addNameRange     '0.8.1',
397 silly addNameRange     '0.8.2',
397 silly addNameRange     '0.8.3',
397 silly addNameRange     '0.8.4',
397 silly addNameRange     '0.8.5',
397 silly addNameRange     '0.8.6',
397 silly addNameRange     '0.8.7',
397 silly addNameRange     '0.9.0',
397 silly addNameRange     '0.9.1',
397 silly addNameRange     '0.9.1-1',
397 silly addNameRange     '0.9.2',
397 silly addNameRange     '0.9.3',
397 silly addNameRange     '0.9.4',
397 silly addNameRange     '0.9.5',
397 silly addNameRange     '0.9.6',
397 silly addNameRange     '0.9.7',
397 silly addNameRange     '0.9.8',
397 silly addNameRange     '0.9.9',
397 silly addNameRange     '0.9.10',
397 silly addNameRange     '0.9.11',
397 silly addNameRange     '0.9.15',
397 silly addNameRange     '0.9.16',
397 silly addNameRange     '1.0.0-pre',
397 silly addNameRange     '1.0.0-pre2',
397 silly addNameRange     '1.0.0-pre3',
397 silly addNameRange     '1.0.0-pre4',
397 silly addNameRange     '1.0.0-pre5',
397 silly addNameRange     '0.9.17',
397 silly addNameRange     '1.0.1',
397 silly addNameRange     '1.0.2',
397 silly addNameRange     '1.0.3',
397 silly addNameRange     '1.0.4',
397 silly addNameRange     '1.0.5',
397 silly addNameRange     '1.0.6',
397 silly addNameRange     '1.1.0' ] ]
398 verbose addNamed [ 'socket.io-client', '1.1.0' ]
399 verbose addNamed [ '1.1.0', '1.1.0' ]
400 silly lockFile f55705ef-socket-io-client-1-1-0 socket.io-client@1.1.0
401 verbose lock socket.io-client@1.1.0 /Users/gautammadaan/.npm/f55705ef-socket-io-client-1-1-0.lock
402 silly lockFile 4ca6292f-stry-npmjs-org-sty-sty-0-6-1-tgz https://registry.npmjs.org/sty/-/sty-0.6.1.tgz
403 verbose lock https://registry.npmjs.org/sty/-/sty-0.6.1.tgz /Users/gautammadaan/.npm/4ca6292f-stry-npmjs-org-sty-sty-0-6-1-tgz.lock
404 silly lockFile ebe063c6-lient-socket-io-client-1-1-0-tgz https://registry.npmjs.org/socket.io-client/-/socket.io-client-1.1.0.tgz
405 verbose lock https://registry.npmjs.org/socket.io-client/-/socket.io-client-1.1.0.tgz /Users/gautammadaan/.npm/ebe063c6-lient-socket-io-client-1-1-0-tgz.lock
406 verbose addRemoteTarball [ 'https://registry.npmjs.org/sty/-/sty-0.6.1.tgz',
406 verbose addRemoteTarball   'de3fb9ae570bc60a7447245f0dec31213ea2d5a8' ]
407 verbose addRemoteTarball [ 'https://registry.npmjs.org/socket.io-client/-/socket.io-client-1.1.0.tgz',
407 verbose addRemoteTarball   '66b8b99c709ede111c724b7cc45b16dbeadd4abc' ]
408 info retry fetch attempt 1 at 03:24:27
409 verbose fetch to= /var/folders/2v/x6m8vk395_sc5pw0qkbgcs2r0000gn/T/npm-7233-QLVTOR68/registry.npmjs.org/sty/-/sty-0.6.1.tgz
410 info retry fetch attempt 1 at 03:24:27
411 verbose fetch to= /var/folders/2v/x6m8vk395_sc5pw0qkbgcs2r0000gn/T/npm-7233-QLVTOR68/registry.npmjs.org/socket.io-client/-/socket.io-client-1.1.0.tgz
412 http 200 https://registry.npmjs.org/method-override/-/method-override-1.0.2.tgz
413 http GET https://registry.npmjs.org/sty/-/sty-0.6.1.tgz
414 http GET https://registry.npmjs.org/socket.io-client/-/socket.io-client-1.1.0.tgz
415 silly lockFile a5a39cc6-stry-npmjs-org-nib-nib-1-0-4-tgz https://registry.npmjs.org/nib/-/nib-1.0.4.tgz
416 silly lockFile a5a39cc6-stry-npmjs-org-nib-nib-1-0-4-tgz https://registry.npmjs.org/nib/-/nib-1.0.4.tgz
417 silly lockFile 2ad8dc96-nib-1-0-4 nib@1.0.4
418 silly lockFile 2ad8dc96-nib-1-0-4 nib@1.0.4
419 silly lockFile 5eccef1b-nib-0-8-2 nib@>= 0.8.2
420 silly lockFile 5eccef1b-nib-0-8-2 nib@>= 0.8.2
421 silly lockFile 746df826-erride-method-override-1-0-2-tgz https://registry.npmjs.org/method-override/-/method-override-1.0.2.tgz
422 silly lockFile 746df826-erride-method-override-1-0-2-tgz https://registry.npmjs.org/method-override/-/method-override-1.0.2.tgz
423 silly lockFile 23338e91-method-override-1-0-2 method-override@1.0.2
424 silly lockFile 23338e91-method-override-1-0-2 method-override@1.0.2
425 silly lockFile 75669156-method-override-1-0-0 method-override@~1.0.0
426 silly lockFile 75669156-method-override-1-0-0 method-override@~1.0.0
427 http 200 https://registry.npmjs.org/body-parser/-/body-parser-1.0.2.tgz
428 silly lockFile 9ecea155-ody-parser-body-parser-1-0-2-tgz https://registry.npmjs.org/body-parser/-/body-parser-1.0.2.tgz
429 silly lockFile 9ecea155-ody-parser-body-parser-1-0-2-tgz https://registry.npmjs.org/body-parser/-/body-parser-1.0.2.tgz
430 silly lockFile bc6ccf3b-body-parser-1-0-2 body-parser@1.0.2
431 silly lockFile bc6ccf3b-body-parser-1-0-2 body-parser@1.0.2
432 silly lockFile 9ca6d1f0-body-parser-1-0-0 body-parser@~1.0.0
433 silly lockFile 9ca6d1f0-body-parser-1-0-0 body-parser@~1.0.0
434 http 200 https://registry.npmjs.org/stylus/-/stylus-0.49.2.tgz
435 http 200 https://registry.npmjs.org/wrench
436 silly registry.get cb [ 200,
436 silly registry.get   { date: 'Mon, 27 Oct 2014 10:24:27 GMT',
436 silly registry.get     server: 'CouchDB/1.5.0 (Erlang OTP/R16B03)',
436 silly registry.get     etag: '"25TBAESG9E0XUMKHLGFX1YYKI"',
436 silly registry.get     'content-type': 'application/json',
436 silly registry.get     'cache-control': 'max-age=60',
436 silly registry.get     'content-length': '32801',
436 silly registry.get     'accept-ranges': 'bytes',
436 silly registry.get     via: '1.1 varnish',
436 silly registry.get     age: '0',
436 silly registry.get     'x-served-by': 'cache-lax1434-LAX',
436 silly registry.get     'x-cache': 'HIT',
436 silly registry.get     'x-cache-hits': '1',
436 silly registry.get     'x-timer': 'S1414405467.058373,VS0,VE315',
436 silly registry.get     vary: 'Accept',
436 silly registry.get     'keep-alive': 'timeout=10, max=50',
436 silly registry.get     connection: 'Keep-Alive' } ]
437 silly addNameRange number 2 { name: 'wrench', range: '>=1.3.9', hasData: true }
438 silly addNameRange versions [ 'wrench',
438 silly addNameRange   [ '0.1.0',
438 silly addNameRange     '1.0.0',
438 silly addNameRange     '1.1.0',
438 silly addNameRange     '1.2.0',
438 silly addNameRange     '1.3.0',
438 silly addNameRange     '1.3.1',
438 silly addNameRange     '1.3.2',
438 silly addNameRange     '1.3.3',
438 silly addNameRange     '1.3.4',
438 silly addNameRange     '1.3.5',
438 silly addNameRange     '1.3.6',
438 silly addNameRange     '1.3.7',
438 silly addNameRange     '1.3.8',
438 silly addNameRange     '1.3.9',
438 silly addNameRange     '1.4.0',
438 silly addNameRange     '1.4.1',
438 silly addNameRange     '1.4.2',
438 silly addNameRange     '1.4.3',
438 silly addNameRange     '1.4.4',
438 silly addNameRange     '1.5.0',
438 silly addNameRange     '1.5.1',
438 silly addNameRange     '1.5.3',
438 silly addNameRange     '1.5.4',
438 silly addNameRange     '1.5.5',
438 silly addNameRange     '1.5.6',
438 silly addNameRange     '1.5.7',
438 silly addNameRange     '1.5.8' ] ]
439 verbose addNamed [ 'wrench', '1.5.8' ]
440 verbose addNamed [ '1.5.8', '1.5.8' ]
441 silly lockFile aec81672-wrench-1-5-8 wrench@1.5.8
442 verbose lock wrench@1.5.8 /Users/gautammadaan/.npm/aec81672-wrench-1-5-8.lock
443 silly lockFile 978912fe-pmjs-org-wrench-wrench-1-5-8-tgz https://registry.npmjs.org/wrench/-/wrench-1.5.8.tgz
444 verbose lock https://registry.npmjs.org/wrench/-/wrench-1.5.8.tgz /Users/gautammadaan/.npm/978912fe-pmjs-org-wrench-wrench-1-5-8-tgz.lock
445 verbose addRemoteTarball [ 'https://registry.npmjs.org/wrench/-/wrench-1.5.8.tgz',
445 verbose addRemoteTarball   '7a31c97f7869246d76c5cf2f5c977a1c4c8e5ab5' ]
446 info retry fetch attempt 1 at 03:24:27
447 verbose fetch to= /var/folders/2v/x6m8vk395_sc5pw0qkbgcs2r0000gn/T/npm-7233-QLVTOR68/registry.npmjs.org/wrench/-/wrench-1.5.8.tgz
448 http GET https://registry.npmjs.org/wrench/-/wrench-1.5.8.tgz
449 http 200 https://registry.npmjs.org/jade
450 silly registry.get cb [ 200,
450 silly registry.get   { date: 'Mon, 27 Oct 2014 10:24:27 GMT',
450 silly registry.get     server: 'CouchDB/1.5.0 (Erlang OTP/R16B03)',
450 silly registry.get     etag: '"574TTA7U5CJE1ZXHJE2S286DB"',
450 silly registry.get     'content-type': 'application/json',
450 silly registry.get     'cache-control': 'max-age=60',
450 silly registry.get     'content-length': '127439',
450 silly registry.get     'accept-ranges': 'bytes',
450 silly registry.get     via: '1.1 varnish',
450 silly registry.get     age: '8',
450 silly registry.get     'x-served-by': 'cache-lax1426-LAX',
450 silly registry.get     'x-cache': 'HIT',
450 silly registry.get     'x-cache-hits': '1',
450 silly registry.get     'x-timer': 'S1414405467.341771,VS0,VE0',
450 silly registry.get     vary: 'Accept',
450 silly registry.get     'keep-alive': 'timeout=10, max=49',
450 silly registry.get     connection: 'Keep-Alive' } ]
451 silly addNameRange number 2 { name: 'jade', range: '>=0.27.2', hasData: true }
452 silly addNameRange versions [ 'jade',
452 silly addNameRange   [ '0.0.1',
452 silly addNameRange     '0.0.2',
452 silly addNameRange     '0.1.0',
452 silly addNameRange     '0.2.0',
452 silly addNameRange     '0.2.1',
452 silly addNameRange     '0.2.2',
452 silly addNameRange     '0.2.3',
452 silly addNameRange     '0.2.4',
452 silly addNameRange     '0.3.0',
452 silly addNameRange     '0.4.0',
452 silly addNameRange     '0.4.1',
452 silly addNameRange     '0.5.0',
452 silly addNameRange     '0.5.1',
452 silly addNameRange     '0.5.2',
452 silly addNameRange     '0.5.3',
452 silly addNameRange     '0.5.4',
452 silly addNameRange     '0.5.5',
452 silly addNameRange     '0.5.6',
452 silly addNameRange     '0.5.7',
452 silly addNameRange     '0.6.0',
452 silly addNameRange     '0.6.1',
452 silly addNameRange     '0.6.3',
452 silly addNameRange     '0.7.0',
452 silly addNameRange     '0.7.1',
452 silly addNameRange     '0.8.0',
452 silly addNameRange     '0.8.1',
452 silly addNameRange     '0.8.2',
452 silly addNameRange     '0.8.3',
452 silly addNameRange     '0.8.4',
452 silly addNameRange     '0.8.5',
452 silly addNameRange     '0.8.6',
452 silly addNameRange     '0.8.7',
452 silly addNameRange     '0.8.8',
452 silly addNameRange     '0.8.9',
452 silly addNameRange     '0.9.0',
452 silly addNameRange     '0.9.1',
452 silly addNameRange     '0.9.2',
452 silly addNameRange     '0.9.3',
452 silly addNameRange     '0.10.0',
452 silly addNameRange     '0.10.1',
452 silly addNameRange     '0.10.2',
452 silly addNameRange     '0.10.3',
452 silly addNameRange     '0.10.4',
452 silly addNameRange     '0.10.5',
452 silly addNameRange     '0.10.6',
452 silly addNameRange     '0.10.7',
452 silly addNameRange     '0.11.0',
452 silly addNameRange     '0.11.1',
452 silly addNameRange     '0.12.0',
452 silly addNameRange     '0.12.1',
452 silly addNameRange     '0.12.2',
452 silly addNameRange     '0.12.3',
452 silly addNameRange     '0.12.4',
452 silly addNameRange     '0.13.0',
452 silly addNameRange     '0.14.0',
452 silly addNameRange     '0.14.1',
452 silly addNameRange     '0.14.2',
452 silly addNameRange     '0.15.0',
452 silly addNameRange     '0.15.1',
452 silly addNameRange     '0.15.2',
452 silly addNameRange     '0.15.3',
452 silly addNameRange     '0.15.4',
452 silly addNameRange     '0.16.0',
452 silly addNameRange     '0.16.1',
452 silly addNameRange     '0.16.2',
452 silly addNameRange     '0.16.3',
452 silly addNameRange     '0.16.4',
452 silly addNameRange     '0.17.0',
452 silly addNameRange     '0.18.0',
452 silly addNameRange     '0.19.0',
452 silly addNameRange     '0.20.0',
452 silly addNameRange     '0.20.1',
452 silly addNameRange     '0.20.2',
452 silly addNameRange     '0.20.3',
452 silly addNameRange     '0.21.0',
452 silly addNameRange     '0.22.0',
452 silly addNameRange     '0.22.1',
452 silly addNameRange     '0.23.0',
452 silly addNameRange     '0.24.0',
452 silly addNameRange     '0.25.0',
452 silly addNameRange     '0.26.0',
452 silly addNameRange     '0.26.1',
452 silly addNameRange     '0.26.2',
452 silly addNameRange     '0.26.3',
452 silly addNameRange     '0.27.0',
452 silly addNameRange     '0.27.1',
452 silly addNameRange     '0.27.2',
452 silly addNameRange     '0.27.3',
452 silly addNameRange     '0.27.4',
452 silly addNameRange     '0.27.5',
452 silly addNameRange     '0.27.6',
452 silly addNameRange     '0.27.7',
452 silly addNameRange     '0.28.0',
452 silly addNameRange     '0.28.1',
452 silly addNameRange     '0.28.2',
452 silly addNameRange     '0.29.0',
452 silly addNameRange     '0.30.0',
452 silly addNameRange     '0.31.0',
452 silly addNameRange     '0.31.1',
452 silly addNameRange     '0.31.2',
452 silly addNameRange     '0.32.0',
452 silly addNameRange     '0.33.0',
452 silly addNameRange     '0.34.0',
452 silly addNameRange     '0.34.1',
452 silly addNameRange     '0.35.0',
452 silly addNameRange     '1.0.0',
452 silly addNameRange     '1.0.1',
452 silly addNameRange     '1.0.2',
452 silly addNameRange     '1.1.0',
452 silly addNameRange     '1.1.1',
452 silly addNameRange     '1.1.2',
452 silly addNameRange     '1.1.3',
452 silly addNameRange     '1.1.4',
452 silly addNameRange     '1.1.5',
452 silly addNameRange     '1.2.0',
452 silly addNameRange     '1.3.0',
452 silly addNameRange     '1.3.1',
452 silly addNameRange     '1.4.0',
452 silly addNameRange     '1.4.1',
452 silly addNameRange     '1.4.2',
452 silly addNameRange     '1.5.0',
452 silly addNameRange     '1.6.0',
452 silly addNameRange     '1.7.0' ] ]
453 verbose addNamed [ 'jade', '1.7.0' ]
454 verbose addNamed [ '1.7.0', '1.7.0' ]
455 silly lockFile 154ac756-jade-1-7-0 jade@1.7.0
456 verbose lock jade@1.7.0 /Users/gautammadaan/.npm/154ac756-jade-1-7-0.lock
457 silly lockFile 154ac756-jade-1-7-0 jade@1.7.0
458 silly lockFile 154ac756-jade-1-7-0 jade@1.7.0
459 silly lockFile b7875759-jade-0-27-2 jade@>= 0.27.2
460 silly lockFile b7875759-jade-0-27-2 jade@>= 0.27.2
461 silly lockFile 71b1f59b-g-requirejs-requirejs-2-1-15-tgz https://registry.npmjs.org/requirejs/-/requirejs-2.1.15.tgz
462 silly lockFile 71b1f59b-g-requirejs-requirejs-2-1-15-tgz https://registry.npmjs.org/requirejs/-/requirejs-2.1.15.tgz
463 silly lockFile 7d8b6d3d-mjs-org-stylus-stylus-0-49-2-tgz https://registry.npmjs.org/stylus/-/stylus-0.49.2.tgz
464 silly lockFile 7d8b6d3d-mjs-org-stylus-stylus-0-49-2-tgz https://registry.npmjs.org/stylus/-/stylus-0.49.2.tgz
465 silly lockFile 87818c58-requirejs-2-1-15 requirejs@2.1.15
466 silly lockFile 87818c58-requirejs-2-1-15 requirejs@2.1.15
467 silly lockFile 63de0a16-stylus-0-49-2 stylus@0.49.2
468 silly lockFile 63de0a16-stylus-0-49-2 stylus@0.49.2
469 silly lockFile 63aac81a-requirejs-2-0-6 requirejs@>= 2.0.6
470 silly lockFile 63aac81a-requirejs-2-0-6 requirejs@>= 2.0.6
471 silly lockFile 2419dbdb-stylus-0-29-0 stylus@>= 0.29.0
472 silly lockFile 2419dbdb-stylus-0-29-0 stylus@>= 0.29.0
473 http 200 https://registry.npmjs.org/wrench/-/wrench-1.5.8.tgz
474 silly lockFile 978912fe-pmjs-org-wrench-wrench-1-5-8-tgz https://registry.npmjs.org/wrench/-/wrench-1.5.8.tgz
475 silly lockFile 978912fe-pmjs-org-wrench-wrench-1-5-8-tgz https://registry.npmjs.org/wrench/-/wrench-1.5.8.tgz
476 silly lockFile aec81672-wrench-1-5-8 wrench@1.5.8
477 silly lockFile aec81672-wrench-1-5-8 wrench@1.5.8
478 silly lockFile b0dcfeda-wrench-1-3-9 wrench@>= 1.3.9
479 silly lockFile b0dcfeda-wrench-1-3-9 wrench@>= 1.3.9
480 http 200 https://registry.npmjs.org/phantom/-/phantom-0.3.5.tgz
481 http 200 https://registry.npmjs.org/express
482 silly registry.get cb [ 200,
482 silly registry.get   { date: 'Mon, 27 Oct 2014 10:24:27 GMT',
482 silly registry.get     server: 'CouchDB/1.5.0 (Erlang OTP/R16B03)',
482 silly registry.get     etag: '"F0X5QHBTDR9QEFDQPY5DO5DER"',
482 silly registry.get     'content-type': 'application/json',
482 silly registry.get     'cache-control': 'max-age=60',
482 silly registry.get     'content-length': '406153',
482 silly registry.get     'accept-ranges': 'bytes',
482 silly registry.get     via: '1.1 varnish',
482 silly registry.get     age: '14',
482 silly registry.get     'x-served-by': 'cache-lax1435-LAX',
482 silly registry.get     'x-cache': 'HIT',
482 silly registry.get     'x-cache-hits': '1',
482 silly registry.get     'x-timer': 'S1414405467.337276,VS0,VE1',
482 silly registry.get     vary: 'Accept',
482 silly registry.get     'keep-alive': 'timeout=10, max=46',
482 silly registry.get     connection: 'Keep-Alive' } ]
483 http 200 https://registry.npmjs.org/stylus-blueprint/-/stylus-blueprint-0.2.1.tgz
484 silly lockFile 004ae5cd-print-stylus-blueprint-0-2-1-tgz https://registry.npmjs.org/stylus-blueprint/-/stylus-blueprint-0.2.1.tgz
485 silly lockFile 004ae5cd-print-stylus-blueprint-0-2-1-tgz https://registry.npmjs.org/stylus-blueprint/-/stylus-blueprint-0.2.1.tgz
486 silly lockFile 8ecdb175-stylus-blueprint-0-2-1 stylus-blueprint@0.2.1
487 silly lockFile 8ecdb175-stylus-blueprint-0-2-1 stylus-blueprint@0.2.1
488 silly lockFile fcb4f9e9-stylus-blueprint-0-2-0 stylus-blueprint@>= 0.2.0
489 silly lockFile fcb4f9e9-stylus-blueprint-0-2-0 stylus-blueprint@>= 0.2.0
490 silly addNameRange number 2 { name: 'express', range: '>=2.9.0-0', hasData: true }
491 silly addNameRange versions [ 'express',
491 silly addNameRange   [ '0.14.0',
491 silly addNameRange     '0.14.1',
491 silly addNameRange     '1.0.0',
491 silly addNameRange     '1.0.1',
491 silly addNameRange     '1.0.2',
491 silly addNameRange     '1.0.3',
491 silly addNameRange     '1.0.4',
491 silly addNameRange     '1.0.5',
491 silly addNameRange     '1.0.6',
491 silly addNameRange     '1.0.7',
491 silly addNameRange     '1.0.8',
491 silly addNameRange     '2.0.0',
491 silly addNameRange     '2.1.0',
491 silly addNameRange     '2.1.1',
491 silly addNameRange     '2.2.0',
491 silly addNameRange     '2.2.1',
491 silly addNameRange     '2.2.2',
491 silly addNameRange     '2.3.0',
491 silly addNameRange     '2.3.1',
491 silly addNameRange     '2.3.2',
491 silly addNameRange     '2.3.3',
491 silly addNameRange     '2.3.4',
491 silly addNameRange     '2.3.5',
491 silly addNameRange     '2.3.6',
491 silly addNameRange     '2.3.7',
491 silly addNameRange     '2.3.8',
491 silly addNameRange     '2.3.9',
491 silly addNameRange     '2.3.10',
491 silly addNameRange     '2.3.11',
491 silly addNameRange     '2.3.12',
491 silly addNameRange     '2.4.0',
491 silly addNameRange     '2.4.1',
491 silly addNameRange     '2.4.2',
491 silly addNameRange     '2.4.3',
491 silly addNameRange     '2.4.4',
491 silly addNameRange     '2.4.5',
491 silly addNameRange     '2.4.6',
491 silly addNameRange     '2.4.7',
491 silly addNameRange     '2.5.0',
491 silly addNameRange     '2.5.1',
491 silly addNameRange     '2.5.2',
491 silly addNameRange     '2.5.3',
491 silly addNameRange     '2.5.4',
491 silly addNameRange     '2.5.5',
491 silly addNameRange     '2.5.6',
491 silly addNameRange     '2.5.7',
491 silly addNameRange     '2.5.8',
491 silly addNameRange     '2.5.9',
491 silly addNameRange     '2.5.10',
491 silly addNameRange     '2.5.11',
491 silly addNameRange     '3.0.0',
491 silly addNameRange     '3.0.1',
491 silly addNameRange     '3.0.2',
491 silly addNameRange     '3.0.3',
491 silly addNameRange     '3.0.4',
491 silly addNameRange     '3.0.5',
491 silly addNameRange     '3.0.6',
491 silly addNameRange     '3.1.0',
491 silly addNameRange     '3.1.1',
491 silly addNameRange     '3.1.2',
491 silly addNameRange     '3.2.0',
491 silly addNameRange     '3.2.1',
491 silly addNameRange     '3.2.2',
491 silly addNameRange     '3.2.3',
491 silly addNameRange     '3.2.4',
491 silly addNameRange     '3.2.5',
491 silly addNameRange     '3.2.6',
491 silly addNameRange     '3.3.0',
491 silly addNameRange     '3.3.1',
491 silly addNameRange     '3.3.2',
491 silly addNameRange     '3.3.3',
491 silly addNameRange     '3.3.4',
491 silly addNameRange     '3.3.5',
491 silly addNameRange     '3.3.6',
491 silly addNameRange     '1.0.0-beta',
491 silly addNameRange     '1.0.0-beta2',
491 silly addNameRange     '1.0.0-rc',
491 silly addNameRange     '1.0.0-rc2',
491 silly addNameRange     '1.0.0-rc3',
491 silly addNameRange     '1.0.0-rc4',
491 silly addNameRange     '2.0.0-beta',
491 silly addNameRange     '2.0.0-beta2',
491 silly addNameRange     '2.0.0-beta3',
491 silly addNameRange     '2.0.0-rc',
491 silly addNameRange     '2.0.0-rc2',
491 silly addNameRange     '2.0.0-rc3',
491 silly addNameRange     '3.0.0-alpha1',
491 silly addNameRange     '3.0.0-alpha2',
491 silly addNameRange     '3.0.0-alpha3',
491 silly addNameRange     '3.0.0-alpha4',
491 silly addNameRange     '3.0.0-alpha5',
491 silly addNameRange     '3.0.0-beta1',
491 silly addNameRange     '3.0.0-beta2',
491 silly addNameRange     '3.0.0-beta3',
491 silly addNameRange     '3.0.0-beta4',
491 silly addNameRange     '3.0.0-beta6',
491 silly addNameRange     '3.0.0-beta7',
491 silly addNameRange     '3.0.0-rc1',
491 silly addNameRange     '3.0.0-rc2',
491 silly addNameRange     '3.0.0-rc3',
491 silly addNameRange     '3.0.0-rc4',
491 silly addNameRange     '3.0.0-rc5',
491 silly addNameRange     '3.3.7',
491 silly addNameRange     '3.3.8',
491 silly addNameRange     '3.4.0',
491 silly addNameRange     '3.4.1',
491 silly addNameRange     '3.4.2',
491 silly addNameRange     '3.4.3',
491 silly addNameRange     '3.4.4',
491 silly addNameRange     '3.4.5',
491 silly addNameRange     '3.4.6',
491 silly addNameRange     '3.4.7',
491 silly addNameRange     '3.4.8',
491 silly addNameRange     '4.0.0-rc1',
491 silly addNameRange     '4.0.0-rc2',
491 silly addNameRange     '3.5.0',
491 silly addNameRange     '4.0.0-rc3',
491 silly addNameRange     '4.0.0-rc4',
491 silly addNameRange     '3.5.1',
491 silly addNameRange     '4.0.0',
491 silly addNameRange     '3.5.2',
491 silly addNameRange     '4.1.0',
491 silly addNameRange     '4.1.1',
491 silly addNameRange     '3.5.3',
491 silly addNameRange     '4.1.2',
491 silly addNameRange     '3.6.0',
491 silly addNameRange     '4.2.0',
491 silly addNameRange     '3.7.0',
491 silly addNameRange     '3.8.0',
491 silly addNameRange     '4.3.0',
491 silly addNameRange     '4.3.1',
491 silly addNameRange     '3.8.1',
491 silly addNameRange     '4.3.2',
491 silly addNameRange     '3.9.0',
491 silly addNameRange     '4.4.0',
491 silly addNameRange     '4.4.1',
491 silly addNameRange     '3.10.0',
491 silly addNameRange     '3.10.1',
491 silly addNameRange     '3.10.2',
491 silly addNameRange     '3.10.3',
491 silly addNameRange     '3.10.4',
491 silly addNameRange     '4.4.2',
491 silly addNameRange     '3.10.5',
491 silly addNameRange     '4.4.3',
491 silly addNameRange     '3.11.0',
491 silly addNameRange     '4.4.4',
491 silly addNameRange     '3.12.0',
491 silly addNameRange     '3.12.1',
491 silly addNameRange     '4.4.5',
491 silly addNameRange     '3.13.0',
491 silly addNameRange     '4.5.0',
491 silly addNameRange     '4.5.1',
491 silly addNameRange     '3.14.0',
491 silly addNameRange     '4.6.0',
491 silly addNameRange     '4.6.1',
491 silly addNameRange     '3.15.0',
491 silly addNameRange     '4.7.0',
491 silly addNameRange     '3.15.1',
491 silly addNameRange     '4.7.1',
491 silly addNameRange     '3.15.2',
491 silly addNameRange     '4.7.2',
491 silly addNameRange     '4.7.3',
491 silly addNameRange     '3.15.3',
491 silly addNameRange     '4.7.4',
491 silly addNameRange     '3.16.0',
491 silly addNameRange     '4.8.0',
491 silly addNameRange     '3.16.1',
491 silly addNameRange     '4.8.1',
491 silly addNameRange     '3.16.2',
491 silly addNameRange     '4.8.2',
491 silly addNameRange     '3.16.3',
491 silly addNameRange     '3.16.4',
491 silly addNameRange     '4.8.3',
491 silly addNameRange     '3.16.5',
491 silly addNameRange     '3.16.6',
491 silly addNameRange     '4.8.4',
491 silly addNameRange     '3.16.7',
491 silly addNameRange     '4.8.5',
491 silly addNameRange     '3.16.8',
491 silly addNameRange     '4.8.6',
491 silly addNameRange     '3.16.9',
491 silly addNameRange     '4.8.7',
491 silly addNameRange     '3.16.10',
491 silly addNameRange     '4.8.8',
491 silly addNameRange     '3.17.0',
491 silly addNameRange     '3.17.1',
491 silly addNameRange     '4.9.0',
491 silly addNameRange     '3.17.2',
491 silly addNameRange     '4.9.1',
491 silly addNameRange     '4.9.2',
491 silly addNameRange     '3.17.3',
491 silly addNameRange     '4.9.3',
491 silly addNameRange     '3.17.4',
491 silly addNameRange     '4.9.4',
491 silly addNameRange     '3.17.5',
491 silly addNameRange     '4.9.5',
491 silly addNameRange     '3.17.6',
491 silly addNameRange     '3.17.7',
491 silly addNameRange     '4.9.6',
491 silly addNameRange     '4.9.7',
491 silly addNameRange     '3.17.8',
491 silly addNameRange     '4.9.8',
491 silly addNameRange     '3.18.0',
491 silly addNameRange     '3.18.1',
491 silly addNameRange     '4.10.0' ] ]
492 verbose addNamed [ 'express', '4.10.0' ]
493 verbose addNamed [ '4.10.0', '4.10.0' ]
494 silly lockFile 1371ef67-express-4-10-0 express@4.10.0
495 verbose lock express@4.10.0 /Users/gautammadaan/.npm/1371ef67-express-4-10-0.lock
496 silly lockFile 18de4d8a-s-org-express-express-4-10-0-tgz https://registry.npmjs.org/express/-/express-4.10.0.tgz
497 verbose lock https://registry.npmjs.org/express/-/express-4.10.0.tgz /Users/gautammadaan/.npm/18de4d8a-s-org-express-express-4-10-0-tgz.lock
498 verbose addRemoteTarball [ 'https://registry.npmjs.org/express/-/express-4.10.0.tgz',
498 verbose addRemoteTarball   '52719d5a1cde4edd47b87da43b1a7c337d761a12' ]
499 info retry fetch attempt 1 at 03:24:27
500 verbose fetch to= /var/folders/2v/x6m8vk395_sc5pw0qkbgcs2r0000gn/T/npm-7233-QLVTOR68/registry.npmjs.org/express/-/express-4.10.0.tgz
501 http GET https://registry.npmjs.org/express/-/express-4.10.0.tgz
502 silly lockFile 40ec684b-js-org-phantom-phantom-0-3-5-tgz https://registry.npmjs.org/phantom/-/phantom-0.3.5.tgz
503 silly lockFile 40ec684b-js-org-phantom-phantom-0-3-5-tgz https://registry.npmjs.org/phantom/-/phantom-0.3.5.tgz
504 silly lockFile 256625ec-phantom-0-3-5 phantom@0.3.5
505 silly lockFile 256625ec-phantom-0-3-5 phantom@0.3.5
506 http 200 https://registry.npmjs.org/express/-/express-4.10.0.tgz
507 http 200 https://registry.npmjs.org/sty/-/sty-0.6.1.tgz
508 silly lockFile 4ca6292f-stry-npmjs-org-sty-sty-0-6-1-tgz https://registry.npmjs.org/sty/-/sty-0.6.1.tgz
509 silly lockFile 4ca6292f-stry-npmjs-org-sty-sty-0-6-1-tgz https://registry.npmjs.org/sty/-/sty-0.6.1.tgz
510 silly lockFile ffce97a1-sty-0-6-1 sty@0.6.1
511 silly lockFile ffce97a1-sty-0-6-1 sty@0.6.1
512 silly lockFile 18de4d8a-s-org-express-express-4-10-0-tgz https://registry.npmjs.org/express/-/express-4.10.0.tgz
513 silly lockFile 18de4d8a-s-org-express-express-4-10-0-tgz https://registry.npmjs.org/express/-/express-4.10.0.tgz
514 silly lockFile 1371ef67-express-4-10-0 express@4.10.0
515 silly lockFile 1371ef67-express-4-10-0 express@4.10.0
516 silly lockFile 071e60ac-express-2-9 express@>= 2.9
517 silly lockFile 071e60ac-express-2-9 express@>= 2.9
518 http 200 https://registry.npmjs.org/socket.io-client/-/socket.io-client-1.1.0.tgz
519 silly lockFile ebe063c6-lient-socket-io-client-1-1-0-tgz https://registry.npmjs.org/socket.io-client/-/socket.io-client-1.1.0.tgz
520 silly lockFile ebe063c6-lient-socket-io-client-1-1-0-tgz https://registry.npmjs.org/socket.io-client/-/socket.io-client-1.1.0.tgz
521 silly lockFile f55705ef-socket-io-client-1-1-0 socket.io-client@1.1.0
522 silly lockFile f55705ef-socket-io-client-1-1-0 socket.io-client@1.1.0
523 silly lockFile 09f57898-socket-io-client-0-9-2 socket.io-client@>= 0.9.2
524 silly lockFile 09f57898-socket-io-client-0-9-2 socket.io-client@>= 0.9.2
525 error Error: EACCES, mkdir '/Users/gautammadaan/.npm/socket.io-client/1.1.0'
525 error  { [Error: EACCES, mkdir '/Users/gautammadaan/.npm/socket.io-client/1.1.0']
525 error   errno: 3,
525 error   code: 'EACCES',
525 error   path: '/Users/gautammadaan/.npm/socket.io-client/1.1.0',
525 error   parent: 'ThreeNodes.js' }
526 error Please try running this command again as root/Administrator.
527 error System Darwin 14.0.0
528 error command "node" "/usr/local/bin/npm" "install" "-d"
529 error cwd /Users/gautammadaan/git/CMUOnlineWorkflow
530 error node -v v0.10.32
531 error npm -v 1.4.28
532 error path /Users/gautammadaan/.npm/socket.io-client/1.1.0
533 error code EACCES
534 error errno 3
535 error stack Error: EACCES, mkdir '/Users/gautammadaan/.npm/socket.io-client/1.1.0'
536 verbose exit [ 3, true ]
